@00000000
01 FE FC FE FF FB FD 03 F9 FB 00 FF F9 02 02 00 
01 01 F6 F9 07 FC F5 01 01 FA FC FA F9 07 0A FE 
F5 05 08 F8 F7 FF 04 03 11 EF EB 06 08 F3 0A 0F 
F6 05 03 EB FA 16 FB 01 0F 07 F9 01 FD F2 03 0B 
FD FD 07 F7 F6 FF FF 03 08 01 FB F8 FC 02 00 03 
04 FD F8 01 00 F7 00 00 FC 03 06 FF FC FA F1 F1 
02 03 FE 04 FC FB FF 04 04 FF FE FB F8 FB 00 00 
02 01 00 FC FB 03 FF 03 06 00 00 00 F8 F7 FE 03 
05 03 09 01 FF FB FC FB 09 09 04 05 00 FC FE 04 
FD 03 01 02 FC FB FD F9 FC FE FF FC FE FB FE FB 
FE FD FB 04 01 04 04 00 F9 FD FE 01 FD FF FB F7 
FC F9 F9 FA FC F9 01 00 02 05 04 01 00 FE FB 04 
03 04 01 FE FD 03 07 03 02 01 00 00 03 FF FE FF 
FC 00 02 02 03 03 01 02 03 03 00 FE 00 FE 03 FF 
FD FF 00 FF FF FA F7 FC FD FF FD 00 FA 00 FD FE 
FE FD FB F9 FB F8 00 FE 03 04 03 00 FE 00 FF 02 
FF 00 FC FD FC FD FE FB FD FF 03 03 07 01 04 FF 
02 02 03 06 07 05 07 04 04 03 00 00 00 FF FA F9 
F9 FE FD FF FD FE 02 00 02 02 00 01 03 00 01 FB 
F7 FE FF FE FD FA F7 FB FD FA F8 FB FC FF 00 FC 
F9 FF 02 00 03 FF FB FE 06 02 02 00 02 02 0C 05 
FF F7 F9 F5 02 06 01 FF 01 01 FD 04 F8 02 08 10 
0A 08 FC FB 01 05 0A 08 06 FB FC F6 FB FC FE FE 
00 04 04 FC F3 F3 F5 05 00 01 F8 F4 F8 FF 02 FE 
FF 03 05 05 07 F2 F7 06 FF 11 0C F9 F9 F4 F6 FC 
05 09 FE F5 03 F1 F7 02 F5 FD 13 08 03 FD F9 F5 
FC 1A 14 FF FC EC EC 0A 0E F9 F7 FD FD EE 01 13 
E8 07 F2 E3 17 3E E6 FA EE 0D 26 32 F8 96 E6 22 
FD 30 32 9A F0 0F FD 0B 2F E2 CF 05 1B FB F7 E2 
C9 1A 4D 43 F7 C2 C3 F9 09 37 4A DE E1 14 A9 D1 
3E D2 F0 6A 15 F3 11 B4 80 15 5E 28 51 29 9D DD 
0E CD 20 29 DE 15 05 DA FE E0 D9 1D 23 1A 25 E5 
B5 E6 FA FE 42 41 E5 F0 FF C3 FA 35 E5 03 30 E9 
EB 04 D7 D9 01 18 18 1F 15 D2 D6 FB F0 11 21 FF 
11 04 FD 10 FC 01 11 FA 0F 1C F8 DF EA D9 E7 14 
12 F0 05 05 F5 10 1F F3 FB 15 F3 F9 11 FB FA 13 
0A 02 05 05 EC F8 0C 01 F5 FB E0 DE F3 F7 FE 0F 
09 05 01 04 00 09 06 F7 03 00 F6 08 F2 E9 F7 F0 
FF 0E 09 F9 00 FE F4 06 15 01 0E 0A F6 F8 FA EA 
F7 0C 06 0C 14 F8 F7 FE F8 FF 05 0A 06 08 08 01 
FE FE FD FF 04 FF F7 F4 F6 F2 FE 00 07 04 FE 01 
FA FA FD 03 FE 07 05 FE F6 FB F2 FC FF F9 FA FA 
FD F7 00 00 FF FF 01 01 04 03 04 01 01 05 03 01 
FE F9 F9 F5 FA F5 FD FD 03 05 09 08 03 06 07 02 
04 05 00 03 02 02 01 02 FE FA FC FC FD 02 02 03 
05 09 03 02 01 00 FF FE FC F9 F5 F8 F8 F6 F9 F6 
FB F9 FD 00 FC FD FE FC FE 01 FF 00 01 FF 00 00 
FC FD FC 02 03 FE FE FC FB 00 02 00 FE 01 04 08 
08 09 06 05 03 06 03 03 FC FB FB FD FC FC F7 FA 
FB 01 04 04 02 FE 00 FF FD 02 FF 00 05 01 FF FA 
FA F7 F9 FD FA F9 FC FA FD 01 FF FD FD FE FE 02 
02 FE FD 04 04 07 04 FE FC FA FF FF 01 00 02 00 
01 02 02 FF 01 01 FF 01 01 FE FD FF FF FE 01 02 
01 04 03 00 01 FE FD 02 02 00 00 FE FA FD 00 FE 
01 FE F8 FE FC FA FF F9 F9 FB 00 00 02 FF FE FE 
FE FE FD FD F7 FB FB FA FC FD FB FE 00 00 01 02 
FF 01 05 04 07 06 05 02 05 02 FF 01 00 FD 01 FF 
FB 02 FE 00 03 00 01 02 01 02 05 05 04 01 01 FF 
00 00 FC FB FC F8 FE FD F8 FB F7 F6 F9 FB FC FE 
00 02 03 02 02 FF 02 03 02 03 FF FD FD F9 F7 F6 
F3 F8 F8 F7 FA FA F9 00 03 05 07 07 03 05 08 08 
06 05 04 01 03 00 FF FE FE FC FD 01 03 02 01 03 
FE 02 02 00 01 02 01 01 02 FF FE FC FC FA FC FB 
FC FA FA F8 FB FC FD FD FE 00 01 01 02 FF FF 00 
FF FD FC FC F8 F8 FA FF 00 00 FF FE 00 01 01 FE 
FF FE 00 02 04 FE 00 00 03 06 09 03 00 03 03 07 
06 03 FE FC FB FD FE 00 FD FC FE FD FF FF 00 FE 
FF FF 01 FF FE FF FD 00 01 02 FF FF FB F9 FA FE 
FF 01 00 FC F9 FC FA FC FF 01 FF FF FD FD FE 00 
00 01 02 01 FE FC FF FE 00 01 02 FE 02 00 FD FD 
00 00 02 07 03 01 01 00 01 05 06 02 00 00 FF 03 
03 01 01 FD FF FD F8 FC FD FC 00 03 00 FD FF FB 
FC 00 FC FC FE FB FA FE FF FD FD FF FB FD FD FF 
FE FF 00 FF FE FF FB FD 01 02 03 02 01 FB FB FA 
FC FE 03 01 00 02 02 02 03 04 04 06 06 03 01 FF 
FE FF 00 03 FF FF FC FA FC 01 03 02 01 FF FE FF 
FF 00 01 03 02 FF FF FB FB FE 01 FE FF FC FA F9 
F9 FC FD FF FE FD FC FD FD FE FE 00 FF 01 FE FC 
FC FF FF 02 03 00 FF FC F9 FA FD FE 02 04 02 02 
02 01 00 04 03 05 06 05 04 02 03 04 02 01 01 FE 
FC FC FC FD 00 04 00 01 01 FD FD FD FF 00 01 FF 
FB FC FB FD FF FF FD FC F9 FA F7 FA FB FD FD FC 
FD F9 F9 F9 FA FC 00 00 00 FF 01 01 06 09 05 06 
05 03 01 01 00 02 03 04 02 05 01 00 FF FF FE 01 
01 01 01 02 01 02 01 01 00 00 FE FA FB FB F9 FB 
FE FF 00 FF FF FE FF FE 00 FF FE FF FB FD FE FC 
FD FE FC F9 F8 FA F7 FB 01 FF 02 02 00 00 00 FD 
00 00 05 03 03 03 01 01 00 00 01 00 01 FE FF FF 
FF 00 FE 03 03 03 04 02 FF FF FB FD FD FD FE FF 
FF FE FF 00 02 02 02 02 01 03 01 FE FF FC FE 01 
FD 00 FE FB FB FA FD FE FD FC FD FB FF FE FE FD 
FD FE FE FC FF FF FC 00 FE 00 02 FF 01 02 05 07 
06 07 06 02 01 FD FA FB FD FF 01 00 FF FC FC FD 
FE FF 01 FE FF 02 02 01 05 01 03 01 04 03 01 02 
02 00 00 00 FC F8 F6 F9 F8 FB FB F8 F8 FB FE FF 
02 01 FF FE FE FD FF 00 00 FF FE 01 FF 00 00 00 
00 02 01 FF FC FD FC 00 03 06 04 04 01 01 FF FF 
01 02 03 03 02 FF 02 00 02 03 03 FF FF FA FA FC 
FB FC FD FE FE FF FF FE FD FF 01 04 03 03 00 FE 
FC FE FE FE FF FA FA FB FA FB FD FA FD FF 00 00 
01 FF FE 00 FE 02 02 03 FF 00 00 00 02 00 FD FB 
FE FE FF FF 00 FC FD FE 01 03 03 00 FE 00 01 01 
00 FE FE 00 01 03 02 00 00 01 01 05 03 01 FE FD 
FA FB FE FE 00 03 02 02 00 FD FA FB FA FD FB FA 
F9 F7 FB FF 01 02 03 02 FF FE FD FA FE FC FE FD 
FC F9 FB FB FF 01 FF FF FE FE 00 05 05 09 08 07 
04 03 01 01 02 00 FF FF FB FE FE 00 01 03 FF 00 
FF FE FD FE FF 03 04 05 03 00 FE FB FE FD FF FF 
FA FB FC FA FD FB FC FA FD FF FF FF FE F9 F9 FA 
FC FE FC FD FB FF 03 04 05 03 03 02 01 00 00 FF 
FD 01 01 FF 02 FF FC FE FF FF 03 03 FF 02 02 03 
03 04 03 03 06 05 04 03 FD FD FC FB FB F9 F9 FD 
FF FE 00 FD FB FD 00 01 00 FF FC F9 FD F8 FA FC 
FB FE 04 03 01 03 FE 01 02 01 FE 01 00 01 00 00 
FF FD FA FA FF FD 00 FF FD 01 03 01 00 02 FC FF 
02 01 FE 01 00 FF 05 00 00 03 02 FD 02 02 02 03 
04 FA 00 01 FD FF FD FE FE 00 FB FB FA FC F9 FC 
FB 00 00 FD FD 00 FF FE 01 FA FC FD FA FD 01 FE 
00 00 01 00 05 04 00 01 00 FF 01 00 FC FF FF FF 
02 FD FD 00 02 FF 05 04 04 05 03 01 01 FF FD FE 
01 02 00 01 FD FF FC 00 FE 01 FF 00 02 02 00 01 
01 FF 00 F9 F6 F5 F5 F6 F9 FC FB F9 F9 FC FC 00 
FD F9 FF 00 00 02 00 FC FF FF 01 04 01 FD F9 FC 
FE 02 FF FF 00 00 05 08 05 0B 08 05 06 01 03 00 
04 03 04 05 00 FD F9 FB F9 FD FF 02 01 00 FE 03 
04 09 02 FD FD FB FE 02 F9 FB F9 F7 F7 FB FC 01 
FD FE 04 05 00 F9 F9 FF 03 06 00 F5 F2 F1 04 0A 
0B F0 FA F0 0C FC 17 F4 06 FD 12 0D 16 F9 D8 F4 
12 37 0F 04 B9 F1 E0 25 11 27 EC F7 D4 07 12 13 
FE DF 06 FD 30 F7 F5 DB 07 FD 3F 09 04 D6 DE F2 
12 1C 12 FD EA F9 F5 0A 06 0A F8 08 FF 04 EF EB 
E6 FF 09 10 FB FD E5 E4 F6 0C 17 14 02 FE FA FB 
04 FC 05 10 FD FD F9 F5 FF F9 FF FC 08 FF 01 EF 
FF FB 0C 0A 15 05 08 03 FB 01 FE FB FD 0E 07 04 
F7 FD EA 00 FB 04 02 05 FB 01 FB FF FE FA 00 FC 
03 05 FE FD FE F2 F2 F7 FB F9 01 FC FD 00 FA 02 
04 00 04 01 0B 02 07 FE 05 FD 02 FE 02 F9 FE FE 
F9 FE F9 03 00 09 02 06 00 03 FD 02 01 01 00 FF 
FB FE FA FB FC FF FD 02 FE 00 FD FD FF 00 04 01 
01 00 03 02 FE FA FA F8 F8 F7 F9 FA F8 F7 FD FD 
00 FD FE FF FE FC 05 FE 04 04 03 FE FE FC 01 06 
04 08 FF FF FF 04 06 04 FF FE 00 04 01 01 00 FB 
FC FE FF 00 00 FE 00 01 02 00 01 01 02 01 04 FE 
02 01 FF 03 FE F9 00 00 FD FE FA F8 F8 F6 F8 F9 
F9 F6 FA F8 FF 04 06 FE FE FC FB 03 01 00 05 02 
FE 05 04 09 00 FF FE FD FD FD F9 05 07 FE 05 05 
F9 FD FE FB 05 03 01 02 FC 09 02 FE 08 09 09 05 
F8 00 FE 03 FC F5 0A FF FC 00 F9 EE 05 F9 FC 01 
08 F4 EC FC 01 F8 08 09 FA 06 01 EC FE 0C 0B F3 
FE 05 07 F3 FE 0C F8 0D FD FB F1 20 EB 06 0B 25 
C1 0C 17 E5 12 0F B2 17 12 E3 1D DC ED D8 01 F3 
44 FB 0C A2 EA 09 62 E4 0F 0D E9 F1 0D 08 D5 4B 
CF 11 15 33 B4 11 BA 3A F7 06 28 CD F1 1E 0A CE 
59 C6 00 03 13 CB 3A E5 E6 23 02 0E D5 0B F1 0F 
E9 30 F9 EA EE 07 01 09 15 DB 10 02 F9 F3 11 E8 
0C 12 EA 15 F5 F9 E6 06 0A 2A E5 FF 07 E2 F3 FB 
1A F6 1C E3 F3 EC 2A D2 FC 18 14 11 03 F6 DC 03 
D8 08 FB 3A E5 F3 EF FE FE 10 F0 EE 18 EA 0D F3 
14 F7 08 EC 0E F9 FD F7 F9 18 FB 01 EC 01 EF 10 
F7 17 0F 06 F6 01 11 09 01 F4 09 FE 18 FB 02 FA 
02 FD 01 F9 08 F6 DF 02 FA 0C 06 FF FA 0F EE FF 
F7 03 0D F8 FD FE F8 EC FC EC 08 FD 07 FB 0A 05 
FD F6 02 01 F9 09 F2 0A 09 05 F7 04 FA FD F7 FC 
01 03 01 F5 F8 FC 01 F6 0B 08 11 08 01 06 FD 02 
FA FC FE 0B F7 01 FE 00 02 FF 01 03 06 F9 02 FC 
07 FC 05 FE 08 FB FB F4 F8 FB FB FF FA 01 F7 FB 
F8 FF F9 FB F9 FD 02 03 03 FF FD FC FC FF 02 FE 
03 01 02 04 00 03 FF 00 FE 00 FE 05 FF FE 00 01 
FF FF 02 FC 06 00 FF FF 01 FC 02 01 01 03 03 02 
02 02 02 04 FC 00 FC FE FC FD FE 03 FF 00 01 FC 
F8 F7 FB FA 01 FB FC FC FA F6 FA 01 00 01 FB FC 
F9 FF FD 00 FD 05 FC FF 01 FF 04 03 03 03 06 00 
FF FA 01 FF 05 02 03 FE FE 01 05 05 03 01 F8 FC 
FC FC FE FE FD 00 02 01 02 02 00 00 02 02 FF FE 
F9 FD FC 00 02 02 FC FC FB FA 02 01 FF 01 00 FE 
FF FE FF FF 00 FE 00 FE FD FC FA FE FE FE FA FB 
FB FD FE FE FF 00 00 FF 00 02 01 00 FF FF FF FE 
FF FF 01 06 04 FF 02 FE 00 05 06 06 07 05 02 FF 
FE 00 00 00 FF FF FF FD FA FB FE 00 03 01 03 02 
00 FC FD FE FF 01 FE FD FA F8 FA FA FA F9 F7 F4 
F7 F9 F8 FB FC FB 01 01 03 06 02 00 03 02 03 04 
02 01 02 01 FE FF 02 00 00 03 01 02 00 03 01 02 
03 04 00 05 05 02 02 00 FE FD 01 FF 01 FF FB F9 
FA FF FF FD FE FE FC FF 00 FF FD FB FA FB FE FD 
FB FA FA FB FD FC FC F9 F9 F9 FF 00 04 02 02 00 
01 00 02 04 01 00 01 02 03 06 05 05 03 02 00 02 
04 01 00 00 FB 00 FF 02 03 03 01 04 00 FE FC F8 
F9 FA FD FC FF FD FD FE FE FC 01 FF FD FA FB F9 
FA FE FF 03 FF FC F9 FB FB 01 FC FC FB FE FF 02 
01 02 00 03 04 05 03 FF FF FF 02 01 01 FC F9 FA 
FA FE 00 FF FF FD 01 01 02 01 FF 01 03 03 05 02 
00 02 01 02 01 FE F8 FA FA 00 00 02 01 02 05 06 
01 01 FF FC FF FE 00 FC FC FB FF FE 01 FD F9 F7 
F8 FA FB FC FE FB FA FF 01 03 01 00 FF FD FB FA 
FA FB FE 00 FF FD FE 01 03 03 07 08 09 07 04 03 
01 04 02 05 04 03 FE FC FD 00 01 01 02 FC FE FC 
FE 00 02 FE FD FE FE FE FC FC FA FB F9 F9 FB FA 
FA FD 00 03 02 FD 00 00 02 FE FF FC FF FE FF FF 
FF FD FC FC FD FF 00 00 00 04 03 00 FC 00 02 00 
02 01 04 01 FF FE FF FF FC FE FF 01 00 01 FD 01 
00 02 01 01 03 FF FE FC FD 00 01 02 00 FD FE F9 
FC 00 02 01 FE FC FD FB 00 00 01 FF 01 00 FE FE 
FA F6 FB FF FD FE FD FC FC 00 01 03 00 00 FC FE 
01 01 FF FE FE FD FF FE FF 00 06 05 07 06 05 00 
FC FB FF FD FE FF FE FF 02 FF FF 00 FD FD 00 02 
FF FF FF 01 00 04 01 FF FF FF FD FF 01 00 01 FF 
FF FD FD FD FD 01 01 FF FD FD FC FB FA F9 FB FC 
FE FF FE 00 FD 00 01 04 02 00 00 01 03 03 02 FD 
FE FB FC FD 01 FC FD FA FE 01 01 03 01 03 03 03 
00 00 FF 00 03 04 04 03 FD FD FC FE FD FA F8 F8 
FB FF 00 01 03 00 00 02 01 FD FB FA FA FA F9 F9 
F7 FB FD 01 04 04 01 FD FF 02 05 03 03 FE FE 00 
00 01 03 00 01 FE 02 02 03 00 01 02 02 03 01 FF 
FB FD FB 02 03 04 03 03 02 02 00 FF FC FE FE FE 
01 01 00 FC FD F8 FA FA FC FD FD FE FA FA FB FB 
FE FE 00 FD FB FD FD FF 02 01 00 FF 02 FF FF FF 
FC FB FB FD FE FF FE FF FE 00 01 01 02 05 03 03 
03 02 03 03 00 00 01 03 02 04 05 01 00 FC FD FE 
00 01 00 01 01 00 00 00 FD FE FD FC FD FB F8 FA 
FA FD 00 00 00 FF FF FD 00 00 01 01 02 00 03 01 
FD FD FB FA FB FB FD FE FD FC FC FB FB FB FC FE 
01 FF 01 01 01 00 02 03 06 06 07 04 04 01 FD FF 
FC FE FE FE FD FE FF FE 01 FF 00 FE 00 FF 02 02 
02 03 00 02 01 03 01 03 FF 00 FF FE FA FB F8 FA 
FA F8 FA FA FB FB FB FD FF FE FF FE 00 00 FE FE 
01 02 04 02 01 FE FE FE 00 FE 00 FE FF FF 00 00 
FE FF 01 02 03 05 01 01 00 00 02 02 01 01 02 03 
02 03 01 01 00 FF FE FF FD FB F9 FB FC FC FE FD 
FE FF FE FF FF FE FF FC FE FE 00 FE FE FC FD FD 
FD 00 FF 02 02 00 01 01 FE FC FA FD FE 01 01 02 
FF 00 FE FE 01 01 FF FD FD FF 02 03 02 04 03 04 
00 00 00 FE FE FC FE 00 FF 01 FF 01 02 00 00 02 
02 00 00 FF 01 FF FE FF FF 00 FF FD FF FF FB FC 
FC FF FF FE FB FF FF FF FE FD 00 FD FC FC FE FE 
FE FC FD FF 00 00 FE 02 FC FF FB FE FB FF F9 04 
03 01 00 02 01 01 08 F5 07 FC 02 FA 08 FF 04 FF 
FA 00 08 04 FF 07 FE 03 FC 01 F8 05 FB FC F8 01 
FF F9 F8 F9 FF 00 03 FD 01 FB FD FB 00 00 01 FD 
FA 00 00 01 01 FF FC FF FF 00 02 01 00 01 00 FE 
FC F9 FD FE FE FF 01 00 00 FE FE 02 03 02 03 05 
04 03 03 00 03 05 04 00 FF FE 00 FF FF 00 FF 00 
FF FE FF 01 FF FF FC FF FF 02 FE 01 FC 01 FB 02 
EF CE C6 CD CE C9 D1 B5 E2 D6 D4 FD F3 E7 F9 E1 
C9 DE C4 BD C8 DE EA F7 07 12 0B FA FB F5 EE E2 
E5 E9 0A 19 2A 27 0F 14 FC FE E6 DD D9 CE D7 F1 
05 03 14 08 07 15 2F 17 1D 31 14 20 19 EB FA 13 
0B 0B 32 30 1F 42 21 1D 3C 1E 10 0C 1F 1D 0D 2A 
2B 21 20 12 1A 20 19 0D 18 0B 0C 02 00 28 FB F6 
24 35 23 FD 04 0F FD 0E 21 28 20 30 2F 12 F2 F3 
03 FF 02 2D 29 05 0F FA 02 DC DA F3 F1 CC BC D4 
DA E0 F5 0F 03 ED E2 D8 C2 E2 F8 E2 EB 09 D9 E2 
E8 D3 E2 CA E6 FD FB 09 08 F2 F5 0A FE D8 E8 E2 
CF D8 E9 CD F3 F6 C8 EB EC EB C8 D5 E5 C7 AC DD 
03 EC EE DF 03 05 EC 02 03 EE DB F3 FC ED F0 0B 
11 0A 02 EB EA ED FA 0B F9 0C 11 FE DD DD F6 EC 
F9 07 E4 E5 F9 E8 F7 D0 DF DE D0 0D 03 04 16 18 
34 43 28 1D 01 10 45 3A 2D 33 40 41 4E 44 19 1E 
2F 16 14 0D 08 FB 0E 23 17 F1 F7 E4 E7 F2 DC E8 
EB E7 D8 E4 E9 F2 C8 F2 E4 C7 E6 0F F1 E3 ED CC 
DE E6 F7 EA E7 E1 D3 CC CC DF D1 AA AB C6 BB BE 
EB F3 D7 DA FC 00 DB B8 BF D7 E4 0A 06 FD FD EB 
D5 E6 DE DC F5 E7 D2 EE 00 F9 F3 D9 C9 CA C7 C7 
CD E5 F0 E7 F9 FC 17 11 FF ED E2 F3 E0 E1 ED ED 
E2 E8 FC 17 23 18 08 FE E3 E9 F2 09 14 0A 2C 31 
1E F6 F5 F5 F8 15 24 25 3A 23 19 1C 27 41 43 21 
F8 E9 E1 EC EF 12 24 24 F5 FE ED E9 E7 D3 E6 E8 
00 FF 06 17 2D 2F 0F 26 29 F6 E6 EB ED D0 C9 B0 
A4 C6 D3 E1 EA EE 02 FB FF 0B 07 13 11 08 10 04 
F9 F4 EB EA F0 F5 F7 E6 BC B5 C0 DD CA D7 D8 CC 
CF D0 D0 C2 C3 B5 BD C7 DC FA FC 0D 17 1C 15 12 
13 10 11 13 15 15 14 13 12 10 0E 0E 0C 0E 0B 08 
02 FC F7 F2 EC E6 E6 E3 E0 DD DC DA DA DC D3 BB 
B5 CA D6 E4 ED FA 03 14 29 26 1A 15 0A 04 F0 DC 
E3 ED F5 FB FF 04 0A 0F 15 18 19 17 0F 0C 0F 01 
FA FF FF 02 02 03 02 02 02 03 06 08 0B 0B 02 FB 
F4 F0 EE F0 E3 D2 D3 D7 E1 F1 F8 FF 07 0D 10 08 
0A 0E 12 13 13 15 14 12 13 18 22 18 0D 02 FB F5 
EE E8 E5 E0 DC C7 BA C4 D1 DE E8 EF F8 FB 0E 28 
20 09 F1 EE F2 FB 00 07 0B 0C 10 13 14 16 17 15 
13 11 0C 0B 08 04 FF FD FB F7 F5 F0 EF ED EC EB 
E9 EB EB EA EE EF F0 F1 F2 F7 FA FC FF 02 06 07 
0B 0F 10 13 16 15 11 0D 0A 08 FF FA 04 0D 14 10 
10 10 0F 12 0F 03 FE 07 09 0D FE F1 F9 FC 01 03 
0A 06 FB F5 F0 E9 E8 E6 E1 DD EC FE F6 F0 F5 F8 
EE DF D7 D7 E3 E8 E5 E6 E8 EA EC F0 F5 F7 F4 F5 
F5 F3 F5 F7 FA FC FD 02 0C 05 FB F3 F4 01 0C 04 
FC FF 02 01 05 0A 0A 05 04 04 08 02 F0 EE EC F4 
FD 04 07 06 01 FF 06 07 07 04 00 03 03 07 0D 15 
15 08 FE FF 07 16 1C 19 1B 21 1B 0E 0B 01 00 10 
1C 1C 1C 1F 1D 16 12 14 12 0D 08 00 FB F6 F6 F7 
FE 00 FD 05 FC EE E5 E6 F2 F8 F5 EC F0 F5 03 11 
F8 E3 DD E2 E6 EB FF 02 01 09 05 FF FC F4 F1 E2 
C4 C7 D2 DB E3 E6 E8 F0 EA EA FC F3 E8 E8 FA 06 
F1 E1 DD E8 EA DD E5 EC E9 ED FA FD F3 EF FA F5 
F5 FD 00 00 05 0A 0C 1B 1D 0C 04 0D 13 1D 10 FF 
02 FE 00 04 0E 1E 27 31 1D 2B 40 33 26 11 07 F7 
F4 F0 F1 F5 08 0E FF 0F 1E 2D 32 38 4A 2A 0B 0B 
04 00 FA E4 D4 D2 CF D4 CD DF EA F0 F9 FD F9 E8 
E9 F9 FF 03 0B F7 F3 F5 F7 FB F9 F3 FA 0B 0F 20 
2C 1E 16 18 2A 30 28 03 F2 0B 18 17 08 F5 E1 D8 
DF DF DF E0 DE D5 DA F8 FD F4 F2 F4 E6 D7 D3 D0 
D0 D8 E8 F4 00 01 1A 1C 11 12 05 F8 F5 EE E8 E7 
EF E9 E1 E6 E0 DD F6 0A 13 0F 06 10 0A ED DF DA 
D4 C9 C6 C3 BE D7 CD D0 EB F6 00 F2 F2 E3 D7 E3 
EB 08 09 0D 1D 10 04 1D 22 30 47 41 3D 2A 21 23 
11 1E 3C 23 07 10 22 17 06 FD 10 23 1B 1C FB F7 
0F 14 07 FE FC F8 FE 04 04 1B 29 2F 2B 2B 12 06 
27 26 12 F6 EB EC F6 F4 E7 E5 DC D1 C6 C5 C2 B8 
C7 D1 DC DE F5 02 03 08 05 18 17 17 17 0B F7 EF 
F0 D0 BD B5 B9 CA D1 DD E5 DC F4 0C 05 03 F9 0D 
12 FF 04 FA 00 01 F0 DE E8 F4 E4 E1 DD D9 EF 02 
0B 0B 0B 0D 04 F6 E2 D4 D2 D8 F9 04 26 29 16 17 
2A 49 50 4E 37 2A 1D 17 13 10 0D 0D 19 18 14 18 
0D 09 1A 02 F8 EF E6 EC CA B2 B6 CD CB C9 C9 D5 
F0 EF D0 AE BF E1 E0 F2 FE 0B 13 2B 4B 4D 40 21 
0A 11 13 FA F9 03 0E 18 18 26 2A 29 14 1D 45 2C 
1A 0A FF 06 F7 09 0D 17 18 FF FC F5 E9 F6 E9 EA 
F6 F1 F0 EF EE F7 F4 E6 D0 AE B3 C3 CD D1 DE E8 
EA F0 FC 01 E9 DF E8 E9 F6 10 0E FC 0A 27 3F 2B 
13 FE F4 EC ED FB FF 01 E9 EE DD DA F8 16 2A 1A 
FD F8 33 0A F6 16 16 15 0B 0F F8 EF E1 E2 E7 D8 
DA 05 27 1B FD EE F8 F5 E9 FB 08 F8 03 EE E1 D1 
DE F2 E2 09 04 D5 DE FB 07 F5 14 3C 38 3C 2F 14 
0D F5 F2 EC 07 1A 0C 14 F6 E8 DD D7 CD D2 C4 CE 
03 04 F6 F9 E7 E8 EF F0 FC 04 00 E0 D5 E1 0E 15 
0C 0C FD FA DB DE E6 C7 D5 CC CC DB E7 F2 04 0B 
FB 09 F3 E0 E2 EA DC DC FA 03 F7 E8 FB 10 11 12 
0B 02 14 2A 22 33 3E 3B 2D 18 1C 26 14 12 15 10 
17 0C 0A 06 0D 05 E8 F9 02 FA 07 0B 19 29 28 2B 
2C 44 4A 22 12 FE E4 C4 AB B0 BA E6 ED FE ED CD 
FB 14 1D 0B FF 0D 06 0E 06 09 17 0E 0C 0F 06 FD 
F4 F8 F3 E8 D1 B7 CE C7 CC D2 CE C4 B3 C0 C5 CD 
DA DC DE E5 F3 0B 0A 0D 0A 0C 0A 0A 0D FD F6 F2 
DD EC EA EE 06 12 22 1A 1F FC 11 18 22 22 0C 1B 
14 01 01 1A FA DF E2 D8 DD D4 C1 C8 BD C8 C4 DF 
06 FE ED F4 1D 20 1A 18 23 14 08 0B 05 08 09 05 
07 05 07 0A 0D 08 02 0D 11 17 10 05 07 FE F1 E4 
D9 E3 F2 F1 F7 FC F9 FA F9 E5 E5 ED DD CB CF EA 
F5 02 11 22 23 30 36 2C 29 2E 2F 26 26 29 47 50 
3C 2E 23 0A E6 DD E0 E4 EB EF 06 FA F0 F0 EC FC 
02 FE 07 FE EE E9 EE E9 E3 E3 F5 F7 F3 F8 01 0B 
06 0B 0E 1C 06 04 FB F1 F8 FA 0A 16 19 0E 01 19 
2F 11 0D FE F0 D5 D4 CE B6 B2 B9 D5 EC 09 0D 09 
0B FA EC E3 E5 FB F5 F8 07 17 25 0D 08 F8 E6 C8 
C2 CB DF EC EE FB 03 20 2C 26 0F 09 FB EC E3 E1 
D3 D3 D6 CB E1 ED F4 06 0B 04 0B 1A 16 0E 05 05 
F9 EA F4 0B 09 13 1D 01 FA 05 13 F6 D1 CD CB CF 
D2 F2 F7 CF CD D6 CF E1 DC E3 F2 06 27 2C 17 13 
0E 0E 19 0D 19 26 33 3B 3B 3A 32 2A 1C 02 F1 E9 
DD E2 D6 E6 FE 1A 26 11 0B FC EB F9 F6 F0 FD 1E 
21 11 1A 28 3B 42 4F 4C 42 4D 56 58 41 41 2D 05 
05 10 13 11 FD F4 00 FA F7 EE EF E5 D1 CF BE AD 
B4 BC CE D7 DE E2 F1 07 04 0D 05 FB F5 ED E1 DD 
D5 E8 E5 E0 DE DE D9 C4 C8 C4 C5 AB 9A AF C9 DD 
E4 F3 E4 D7 C5 BF B0 BB C0 B5 EF DE EF 14 04 01 
06 E6 DB F0 D0 D1 E3 F6 02 11 23 25 0F 03 FD FA 
F4 EC EB EF 0D 13 21 0F 02 FF EA EB D0 D3 C7 BF 
BD D3 E4 F3 0F 0F 13 30 4B 35 4A 57 42 55 3B 15 
26 35 21 26 46 33 2B 3F 12 1C 29 07 FC FD 13 0E 
08 25 1E 1C 17 0E 15 1F 15 11 1A 0B 12 F6 0E 29 
03 0E 3C 4A 31 12 23 26 1A 34 3C 3A 21 23 2C 1E 
F9 00 04 F6 EE 1E 14 F5 F3 E0 E6 BC C6 DF DE C3 
BA C0 BE B6 C9 DA D2 C6 C9 C4 B9 F4 1C 05 12 19 
E1 F4 DB C7 BA A6 D5 F0 F7 0D 0F FF 0A 21 0E EF 
0A FE ED F8 F0 D0 F7 DF C4 E3 DF D5 B2 C7 CB AF 
9D DE EF E1 DE CA F3 F7 EF 10 15 06 04 1A 18 08 
0E 25 26 1B 10 F4 FA F1 03 FC DC F3 F6 ED D5 E8 
03 03 1E 21 00 13 1B 12 1A ED 03 EF F5 20 07 13 
1D 1D 2F 28 04 F0 CA EC 0C F2 E1 F7 0D 15 2F 24 
03 17 22 09 0B 08 03 F4 0E 1C 05 DE DC C8 DF E1 
D8 EA EF E6 E2 F1 09 05 E0 08 EB D5 F6 14 E1 E2 
DF C4 D7 C9 BA AD C4 CE D8 DF F3 15 00 D9 F7 0C 
FA 0C 41 31 0C 0F 22 07 D9 B4 C8 D9 EF 13 08 08 
04 E4 CE D7 C3 D5 F6 EC E5 0E 1F 1F 18 FE F6 DE 
D1 D0 D0 E8 EF EB F3 F3 15 15 04 E6 DE DE C0 BC 
B6 AB A2 B1 CE EC F5 EC E8 E0 C8 D6 DE FA FC FD 
17 14 FD DC E6 E5 F2 15 23 29 3C 20 25 23 1E 2A 
2D 1D 05 EB E3 ED F5 15 25 1C F4 F3 D0 EC F1 EA 
FE 09 23 23 2C 3C 59 4F 35 53 49 0E FF 02 F8 D8 
D3 CA C9 D8 DB E5 E0 E7 F5 E7 E7 DF DF F3 F9 FC 
0F 03 08 0A 07 0A 17 1C 1B FC D1 CE DE EB CF E2 
DF D6 D6 D7 D1 CE CD B7 BF C1 D3 E5 E3 DB D5 D5 
D9 C5 CD D1 D2 D6 D7 B9 C5 F0 EF E2 DF FC 04 12 
25 32 34 47 52 51 41 31 1F 07 01 FE FB F2 EE E6 
E2 E2 E4 EA E7 E7 EC F7 07 08 0B 0B 0E 08 0A 0F 
2F 3A 27 15 06 FD E4 DD DC D6 CC CB EC E5 DC D7 
C7 C0 C6 D9 E1 F6 02 11 11 0D F9 0B 21 1D 27 26 
07 EC F6 FF 08 02 08 05 F7 E9 EC EA E1 E2 E7 DD 
D5 CF D2 DD E9 F1 F9 02 FC 02 04 02 FD FD F8 01 
F5 06 0B FF 01 F6 F3 E9 EA F3 F3 F6 F7 FF FE F9 
F9 E9 EF E7 ED F2 F9 10 0D 20 24 1E 10 FC F9 F5 
F3 FC 02 FA 0C 0C FB F4 FD FE FE 21 2D 16 0C 06 
F2 E4 DB E0 DF DE D2 BC B9 BE E4 F1 F4 F6 01 09 
05 0A 09 27 32 2C 18 10 09 02 FD F8 F3 F2 F1 EE 
F4 DA CC D4 DE E6 E8 E3 E1 E7 E4 DF DE F3 0A 06 
FB E9 EE F3 05 26 0C 2D 52 24 12 19 1B 1E 1D 16 
2C 39 05 E1 E6 DB D3 DD E4 F8 FE FC 17 19 24 37 
2F 2C 22 0E 06 00 E8 F2 ED E1 DD D3 CF BD DC E9 
DB E4 DF E1 DB C0 B4 D7 E0 D3 E7 F7 0F 2B 32 19 
18 0B 02 02 00 EB CB D5 D7 D3 D4 D8 DF E7 02 E9 
D9 DF DC DC DE E6 E4 EB EE F1 FD F9 FB FF FC F0 
E5 E3 ED EA E1 E6 F3 F9 F6 02 01 FB 0A 0C 09 0E 
1D 25 0D F1 F2 02 14 20 29 37 34 39 4C 49 45 44 
3A 48 43 2A 20 18 0A 07 03 EC E7 DB C4 E2 0A 09 
1D 12 1D 36 3C 48 4D 2A 18 13 12 22 FB E3 F2 FA 
F1 D1 C9 EA DE CC D7 F3 EA D4 DD EF FF 02 FD EC 
E0 D5 CC C7 C3 B9 B8 B2 BA BB C1 BE C5 D1 D2 D7 
DA D7 D2 D7 DC E5 F0 FB FB FC F6 F9 F9 F3 02 0C 
19 0F 0B 03 00 0C 1A 0E 06 0E 0C 0A 15 1C 1B 19 
20 37 1B 00 EF FC 0D FC F5 F3 F1 EB D0 D0 EC F3 
01 16 06 16 19 07 0E FC 0B 04 12 23 24 1F 27 33 
2A 2E 37 36 20 24 15 09 ED DB C7 BF BF BF D3 D0 
CC D0 D0 BD AA B0 AE A3 AE B3 B8 BE CD D1 DF E0 
E5 EF FA FC 04 08 04 0C 0D 0F 17 0D FD F7 F0 EF 
F0 F4 F2 FD 0B 08 09 15 17 16 22 24 2C 2A 0B 06 
0A 0C FE 00 08 16 2B 0C 02 1D 1F 1F 1D 20 29 2F 
42 46 40 3B 40 40 44 44 3E 34 32 31 30 2B 28 2F 
30 41 3B 2D 2E 21 23 1F 16 12 17 0C FE 0C 12 13 
10 FC F3 E0 D5 E8 EB F1 FC F9 F4 01 01 14 12 FA 
E7 D1 C8 DA EF DC C4 BF DA D7 CD D2 D2 B8 B6 BE 
B7 BD DD DE CB D8 DD E7 F7 FB EF EB E6 E1 D8 C2 
CE C2 CC E5 E0 DE D5 D0 CB EC EE E4 D2 DD EC F9 
E0 E7 00 05 14 06 0C FD F7 E5 E4 EC EA FC 11 11 
17 0C FB FA 05 2A 38 2F 21 1B 13 0D 10 05 FA 1A 
29 26 1B 21 24 0D 11 0E F6 F9 12 06 12 24 0C F8 
0C 19 06 17 17 0A F8 FA FD F9 23 25 09 EE 00 0F 
0E 32 3D 3F 3A 42 42 32 34 3E 35 24 27 28 27 1E 
1B 2A 29 15 1D 20 25 17 06 29 3C 35 20 0F FD F9 
ED EA 07 09 00 F8 ED 06 0B 04 04 EE F0 12 2D 19 
1B 0F 07 12 FD FF 10 17 0E 19 2D 1C 09 27 09 F0 
0A 04 F7 E3 E6 ED 05 06 08 04 02 08 05 08 FD E0 
DA FA F3 EB EC E7 E1 CF CC C2 C0 B3 A9 C4 CB DF 
E3 E0 D0 C2 DA E2 DD DF DC D7 EC E9 DC E1 E4 EC 
03 04 12 07 0D 32 36 46 4B 41 3B 3A 36 32 35 31 
2B 1D 0F 20 21 08 01 E7 DA EA DD DF DA D3 E4 F7 
0D 1D 0C 0D 1E 1C 24 34 2F 30 42 25 1B 19 14 21 
14 11 00 03 23 1B 20 17 21 24 1D 26 1F 2D 2D 2C 
21 16 04 03 FC FA EB D7 EA F1 FB FF 03 09 0C 0C 
0C FF F4 E9 DF D4 BE BE DA EC EF F6 FA 04 0F 0A 
0B 05 FE FE F6 F2 F8 06 FE FE 05 04 F5 E2 DE DD 
CF CD C9 C1 BB B0 B0 B1 B4 C4 D0 D9 E8 E3 E4 F9 
FB 0A 11 07 16 12 0E 0E 08 11 1D 16 10 10 0B 0F 
15 0F 0B 0C 10 15 09 12 10 19 10 0B 13 17 1E 1D 
1F 27 3D 31 20 1D 18 19 17 19 18 07 08 11 0E 0B 
07 04 FD F0 FB 18 22 0E 0E 18 1F 13 01 11 13 02 
F8 04 08 0B 1D 0C FC 00 E9 D6 DF E7 E0 F2 F4 F2 
DE DD E9 F7 F2 ED 13 0D F0 E1 06 06 FF F9 EB E1 
E9 F3 06 23 00 F3 F4 ED E8 E4 F6 0B F2 D3 F5 00 
F1 DE CC D2 DB E6 EB F7 FE FB FC 00 FF 0A 08 0D 
12 12 16 17 12 12 10 0D 0D 07 00 ED E1 DF D9 D9 
DB D5 DD D9 D3 D2 D3 D6 DC DC DC E2 E3 E9 EA EA 
E6 E1 E2 EF EB F0 FB F9 F8 08 08 05 02 00 02 09 
12 0B FF F2 FC FC F2 F9 0E 08 FB F5 F1 EA F3 F3 
EA E7 E0 E9 03 F5 DD E9 FF FC 0E 1F 21 2B 1A 1F 
25 3C 5C 52 3B 41 45 37 2E 2C 35 46 44 3D 33 2A 
1D 13 24 2B 13 0E 13 10 14 11 09 0E 07 F6 01 F7 
F0 EF ED E3 DF DD DC D9 E5 E1 DB E8 DB D9 DC D8 
D8 D3 CB C6 CD D4 E6 F4 E6 E6 E1 E9 F5 FF 09 14 
0F 0A 04 0C 04 07 0E F4 E9 F7 02 EF F3 F7 ED ED 
FD EA CA B8 C7 C5 C1 C7 BD C1 BD B9 B4 CA D3 D4 
DA E7 F9 FB FE 09 14 1C 24 2A 29 26 20 1A 21 1A 
11 18 19 21 22 0F 0F 06 0F 17 0C 0D 12 FC F5 F8 
FE FF F0 F7 02 F9 03 08 02 FC F5 F9 10 22 15 11 
18 1D 10 1A 22 2B 2C 1D 24 28 2E 2F 21 16 11 0B 
07 0C 0F 14 FF EA F6 F4 EE E9 F6 E2 DB F6 F4 E8 
E9 EE E4 DD E6 E2 DA EB ED ED F5 E5 E2 EE F4 E8 
EB F4 F0 E9 F7 06 E8 E9 F5 EE E7 E7 E7 E8 E7 E8 
E2 E4 ED E9 EB EC E9 E3 ED F0 F6 F7 F3 F4 FE FE 
FE 02 F8 FC 02 05 FF FF FE EC FC 02 EC E9 EB EA 
EB E6 EA F7 F1 EC EF F1 FB 06 14 1E 22 2C 33 2A 
28 2A 2A 25 20 21 36 3B 37 30 2D 24 0C 0E 1A 1B 
16 18 10 12 19 10 05 F7 F7 04 14 06 F6 1D 31 29 
22 20 19 15 13 0C 09 0D 08 F2 F1 08 0D FD 06 0D 
0D 09 0A 0A 03 02 01 FE EF F0 F8 FC F7 F9 EE DF 
D4 D8 E4 EE E8 E7 DD D6 E6 DA DE EA DC DF E8 CE 
BC CC C3 C2 C8 CC D7 E3 DE D8 D8 D7 D4 D1 CE B6 
AE B1 BC CF D8 E7 F5 F5 07 0D 0E 12 10 0A 04 01 
01 04 08 09 0E 10 09 01 F8 F0 EE EA EA E9 E5 E2 
E8 EE FA 05 06 0A 14 11 0C 0C 0D 0D 0A 0B 12 20 
25 2B 3F 4A 4E 4D 41 37 34 37 3A 3B 31 2A 22 14 
0C 08 0C 0F 08 03 FD FB F6 F6 F5 FE FF F9 02 08 
05 0F 0A 06 FE EA D6 D7 E0 E5 E9 E7 E6 E6 D6 BF 
E3 09 FC F6 EA E2 D5 CC D1 D6 DD DC D4 D1 D4 E0 
F4 FA F8 F6 F2 DE E2 F5 EF EE EE EE F9 FB 02 01 
FA FD 09 1E 22 23 2D 3C 4E 46 3A 33 37 37 33 3C 
41 2F 24 26 28 20 19 17 13 10 0F 0F 02 FD F5 F5 
FE F6 EF EB EE F7 F3 EF E9 E0 E5 F1 F4 FA 01 0A 
22 18 0C 14 04 FA FD 09 0B 08 0C 0D F9 DB C9 D9 
EC E1 D4 D0 C1 BD C6 C6 CA C3 CF D4 D0 DC DD DA 
D3 D6 DB D5 CE D8 E0 D8 E1 E8 E4 E6 ED F8 FB F9 
FC FB F8 F9 02 03 0C 14 0F 13 19 26 27 1E 29 37 
37 42 3A 1A 13 0B 10 24 1B 16 10 11 13 04 02 FF 
F7 F8 04 06 03 FD 04 0B 0B 1B 1A 16 0E 0A 03 F5 
EB E3 DA E3 E2 E8 F7 03 06 03 02 00 01 FB F5 ED 
EE EA EC F1 F4 EE EE EC ED F3 EF F0 F4 00 F9 F9 
FD F9 EC DF D9 D7 D9 CE DE F1 F4 FB F9 FA 11 14 
0D 20 12 F4 F9 00 F9 F4 FA FE FF FA F6 F3 F1 EC 
E7 E0 E0 DA CD C7 D6 D4 D1 DD E1 DE E6 F5 F8 08 
0A 08 0A 0A 0B 06 12 1F 20 32 47 3F 40 43 36 34 
32 30 30 2B 34 37 34 34 36 39 34 2D 2B 27 23 31 
29 1C 15 09 06 00 04 09 08 FD F2 F3 FB FB F1 EF 
F0 F4 F4 EA E7 E4 DF D7 D6 D6 D5 DC D7 CC D3 E2 
E3 DD E2 E2 D7 D6 D3 D5 E4 E9 E3 EA EF E8 E5 DA 
D7 D7 E7 F4 EC EB EC F5 F2 F5 F9 F9 01 0E 0C 03 
FD FF 0D 12 12 18 20 15 04 00 04 00 03 02 03 07 
04 FA F2 F3 F2 FA F4 E9 F1 F4 F3 FE 08 09 07 FD 
F1 F0 F0 FB 02 FB F2 F3 F5 F9 FC F8 F4 F9 F9 ED 
F8 0F 0E 10 19 28 2B 38 37 34 36 3B 35 20 1B 23 
20 18 23 22 28 24 0C 11 15 09 F3 E7 EC E5 DC DD 
E7 DA BB B4 BD C0 B5 B5 BC CD D7 D6 D4 DA DC D9 
D9 E2 E7 EE E1 D3 D5 CF DB EE DF D5 D6 CF C6 CB 
D7 DD E5 DE D2 DB DD E6 F0 ED EF EE F6 03 0E 15 
21 1B 11 0C 0D 10 1F 1D 11 0F 0A 07 0C 0C 04 0A 
04 F8 EE F2 F3 F3 FD 02 01 06 00 EF F3 FC 0E 1B 
24 27 25 2F 32 37 38 33 25 2B 4B 4B 4E 46 35 1C 
0D 19 18 16 1C 21 1C 15 1B 1C 1B 12 0B 10 06 02 
09 08 0C 0B 09 0E 00 F0 F9 08 FC ED F1 F6 07 20 
2B 26 1C 0D 04 FD F0 DF D6 D4 D4 D9 EE F1 E7 E6 
DE E6 DF E7 F1 EE E2 CC DC E4 D6 CF CA C6 BD CA 
CD C6 D4 E4 E9 D4 DB 0B 1C 05 FC 00 FA EF EC DF 
E7 E3 E9 EF E3 F5 F5 E5 FD 14 0B 00 FA F8 EB ED 
FA 00 FD F6 FC FC FB F6 FB 08 0C 06 05 F3 EA F0 
E4 DE E2 E2 ED F5 F9 03 FC EF E9 DF E6 F6 F7 EC 
EC F9 FF F6 F2 11 1B 1B 12 0C 07 05 F5 F1 FD FA 
FF FC F6 E8 F4 FA 07 1B 16 0E 07 0C 16 0F 14 05 
18 14 08 0F 06 18 1C 1F 24 2A 2A 2A 32 32 2F 31 
2E 1F 16 17 16 18 0F 09 0C 0B 0E 0E 10 14 15 12 
11 11 0C 05 FE FE 01 00 02 03 FA F9 F8 F7 F5 F4 
F7 F2 EE F2 F0 F1 F1 F1 ED E6 EA EF F3 F7 F8 F2 
F6 F5 F4 EF EA E8 EA F4 FB F3 ED F5 F3 F4 F3 EA 
E2 D4 C9 D9 E5 DE D6 CE D4 D4 CF D3 E0 DE D4 CE 
CE D8 D8 D1 D5 CD D5 D5 E1 FE FD FA 00 0B 1C 1C 
15 0E 0B 0A 11 15 0B 0A 0C 15 03 F2 F2 F2 F5 EF 
F2 F4 00 0A 15 1A 1C 17 0E 12 10 13 16 1F 27 29 
2D 26 20 24 1B 1E 23 25 2A 2D 24 27 32 2B 23 25 
23 1B 12 0D 0E 0D 11 13 15 21 25 23 1F 16 0E 17 
17 11 0F 07 07 04 08 13 18 19 18 16 11 0D 01 FA 
05 0C 02 EF E4 DC DD D8 CF D5 DA D8 DE E0 CD C7 
DE ED DE D7 D4 D7 CD C9 D1 D5 CE CE C7 C6 CD CD 
CA D8 E4 E7 E7 E5 03 0A FE F0 E7 E9 EF F0 F4 FC 
FA ED E0 DB D3 CD D0 DB E1 E3 D9 DB EA EE E5 F5 
09 09 F7 F3 F8 F6 F0 EB EC EC EA F3 F1 ED F1 F0 
F2 03 10 0C 04 19 27 1D 1F 23 2D 36 44 3E 37 41 
3D 35 3E 47 31 10 0F 14 0C 09 05 FF F9 F6 FE 04 
04 08 0B FD EE FE 0D 1D 22 22 1E 17 1C 2E 3B 32 
1D 1A 2A 2C 25 2A 2B 15 0A 0F 09 FD F9 00 FD F6 
FA FC F1 F0 E8 E4 D5 C5 BF BE C2 C2 CE D0 CF CA 
D7 DE DA D9 CD D4 E1 D3 C9 CE CF CE CD DD E3 E7 
E8 E2 E2 D9 DC EF 00 17 26 26 20 25 23 24 2A 2D 
2F 27 1E 25 25 1B 11 00 FA F8 00 08 02 FF FC FF 
0E 0D 0A 0E 16 16 0B 06 0F 13 0C 04 FB 00 07 17 
25 27 12 16 2B 34 20 34 0A BE BC C6 D7 DC EE E6 
E5 EB E7 E6 EE F5 03 0B 0E 10 0F 0D 11 16 16 1A 
18 17 11 19 23 25 1E 13 15 12 0C 01 07 0D 14 0A 
F2 E2 D2 CF CF CD D2 D7 E4 E7 DE DE E1 E9 F5 F6 
EB EA EC E9 F1 F0 DE D1 DE EB E5 DD DA DA E4 EA 
E7 E6 EA E6 E5 EB EA F0 EF ED EF F0 E8 DD DC DE 
E2 EB F1 ED F7 FF F6 EF F5 04 08 10 1F 1D 16 08 
04 08 0C 05 01 FD F8 F5 FD 00 FE 09 0C 08 05 FE 
08 11 11 12 13 19 26 32 32 2C 2E 30 37 31 2E 32 
31 36 3E 42 42 3B 38 28 17 10 14 1B 2A 27 1A 17 
0C 07 05 05 11 1E 1D 0D 0C 11 19 27 24 1F 24 1A 
0C 09 01 FE FA F8 FF FF F5 EE EE EE ED E8 E1 E6 
E7 E3 ED FB FB F2 EA ED E6 DF DB D2 D3 CD CB D1 
CF C6 C6 DA EE EF EC DF E3 ED F1 F7 F1 E6 E3 E3 
EA EF E8 E6 E2 E0 DB D1 CE CB C9 CE CE D6 DB D4 
D0 CE D6 E1 EA F5 F9 FE 00 03 05 06 F7 F4 00 06 
08 07 0A 1B 1E 18 1A 19 10 1A 1F 1E 20 27 32 2B 
28 29 25 20 21 13 10 1B 1C 1D 24 2A 1E 16 12 0C 
0E 13 0A FA F7 F6 ED F6 FA FB 00 FB F4 F4 FC FE 
F9 F4 EF F1 E8 E5 E7 ED F0 F3 F8 FD 01 05 05 05 
06 04 06 05 FA F9 04 08 0B 02 F2 F8 00 FE F8 F8 
FE 0C 10 0F 14 0A 0C 11 12 08 00 FD F4 EF EF F4 
F6 ED F1 FA F8 F1 EE F1 F9 FE 03 06 FD F3 F9 0E 
12 0A FC EC EF 03 0F 0F 0D 0F 0B 01 01 FF FC F4 
F0 ED E9 F1 E7 D7 D6 CE CC D1 D8 D5 D0 C8 CE DC 
CC BA BB BF C9 CD D6 E7 EC E5 E5 DF DE E8 F3 FD 
00 FF 02 0D 11 13 1C 1E 15 16 23 26 28 27 26 27 
1F 1D 11 12 17 15 16 13 11 03 F7 ED E8 F3 EC E8 
F5 02 07 FB F1 F5 F5 ED E6 ED F2 F2 F6 F4 ED EF 
F8 FC 03 06 04 0A 0E 0C 14 14 0D 0B 0E 11 10 10 
0A 09 08 0A 08 09 0B 0F 13 1B 17 12 1A 1E 1B 1A 
1D 1E 21 1A 1C 1D 1A 16 12 0F 0E 06 06 06 FE F7 
F1 EA F2 F4 E7 E4 EB F5 F2 EA E7 ED E7 D5 CF D5 
E1 E8 EA EC E9 ED F5 FF 04 FE 00 02 F9 F6 F7 FF 
04 03 08 16 17 13 0C 06 02 07 11 12 0E 12 15 17 
19 11 0C 05 06 0B 08 0F 15 12 08 02 FF 03 0C 12 
13 16 13 13 10 0D 00 FE FA F4 FF 0F 0D 07 10 12 
0C FA F3 F4 F4 ED E8 E9 E5 E2 DE DF DF D8 D5 DD 
E3 E1 E7 EE EB E3 DE DC E0 DF DB E2 E7 E1 DC DA 
D7 D8 D5 D6 D7 D5 D5 DC E1 E2 E2 E8 EF F5 F2 F0 
EF ED EE F3 F6 F4 F0 F4 F6 F8 FC FE 07 0C 0D 11 
17 1A 14 11 15 18 12 0D 09 0D 17 17 14 11 0F 0A 
05 01 06 0B 0C 0F 10 0B 0B 0E 1A 1C 18 14 12 13 
14 0F 05 01 01 02 FD F4 EE F1 FB 02 00 FA FB F7 
F3 F5 F7 F6 F8 F7 F7 FE 0D 0D 07 07 01 FB F2 EF 
EF F5 F7 FF 08 05 FD FC F1 E5 E9 F3 FA FC F5 F2 
F1 EC E6 EA F2 F3 FA FF FD FB F5 F0 EB EF EC E7 
E8 F5 FC FF FD 02 06 0D 11 0B 07 0A 08 08 0A 0A 
08 06 0A 06 03 05 08 0B 07 03 FF 03 04 08 07 02 
04 04 05 06 02 FB FD 00 F5 EF EF F4 F6 F8 F9 F5 
F2 F2 F8 FD 01 04 06 02 00 05 03 04 0A 0F 10 12 
13 11 14 1B 1C 18 11 0E 14 19 18 17 12 04 FA FD 
02 04 FD F8 F3 ED EE EE EB E7 E7 E7 E8 E9 EB EB 
E8 E1 E3 E9 E7 E5 E6 E9 EA F0 F4 F7 FC FF FC FD 
00 FD 01 04 0E 18 18 18 18 19 16 12 10 11 0F 09 
0B 0F 10 13 14 0F 0A 04 03 00 FE FD 02 04 FF FC 
FD FF FE FF FB FC FC FE FF FE FF 02 04 00 FB F5 
F3 F0 E9 E3 DE DB D9 DC DE E0 DB DC E2 E6 E4 E0 
E3 E7 ED EA E8 ED ED F3 F9 FC FD 02 02 FF 00 02 
07 08 07 07 07 05 01 F9 F5 F9 02 03 01 00 01 01 
FF FF FC 01 02 FC F9 FF 01 02 05 0A 0C 0D 11 19 
1B 1C 17 11 15 1E 1E 20 20 24 21 1F 1F 20 1E 1B 
18 1A 1C 1B 11 0A 09 08 09 07 02 00 FA F5 EE EE 
EE ED EF EF F0 EE EF F0 F7 FC FD FF FF FD FD FD 
FF 02 FD FD 00 04 02 FC FA 01 FE F8 F4 F3 EA E6 
EB F1 F3 F5 F7 F6 F8 F8 F8 F9 FA F4 F2 F2 F6 F8 
F4 F0 EE F1 F3 F7 F8 F9 FC FC FD FE FB F9 F8 FB 
FE 05 04 03 FE FB F7 F8 F8 F4 F3 F2 F5 F9 FC F8 
F7 F5 F4 F0 EB EF F3 F3 F2 F2 F7 FA FB FE FE FC 
FB FE FF FD 00 01 01 FE FD FF 04 0B 12 14 14 13 
0F 10 11 0D 08 0B 0E 11 10 0F 10 0E 0A 05 02 01 
FB F7 F8 FE 00 FF FE FC F9 F6 F5 F9 FC FF 04 08 
09 07 07 09 08 0A 0A 0B 0B 0D 0C 0F 11 11 10 0E 
0F 0E 0E 0E 11 10 0F 0F 10 0E 0C 08 08 05 03 00 
FE F9 F8 F6 F3 F4 F4 F5 F3 F3 F5 F6 F8 F9 F9 F8 
F5 F8 FC FD FB FB F9 FB FC F9 F5 F1 EF EF F2 F5 
F8 F6 F0 EF ED EC EB ED EC EB E9 E9 EE EE EF F0 
EF EC ED ED EE EF F0 F4 F7 FC FD FE 01 02 05 09 
10 10 0F 0C 0C 0A 09 08 07 08 06 06 08 09 09 0B 
08 04 00 FB F8 F4 F3 EF EF EF F3 F6 F5 F4 F1 F1 
F0 F1 F3 F5 F7 FB FF 03 03 09 0F 11 10 13 17 16 
16 15 15 14 14 12 13 13 15 17 17 19 19 16 11 0F 
0E 0D 09 04 FD FC FA FC FC FF 00 FD F7 F3 F5 F5 
F5 F2 F1 EF F0 EF ED EE ED ED EC EB ED EC EF F0 
F0 EF F1 F3 F7 FC FD FD 00 01 02 FF FF FF 03 04 
02 02 01 04 02 02 02 02 05 04 04 01 FF FD FC FA 
F7 F0 ED EC EF EF F1 F2 F1 EF F0 F3 F5 F7 F5 F4 
F5 F8 FC FC FC FE FE FE FF 04 04 03 04 05 07 05 
08 07 07 05 06 06 07 05 05 05 08 08 07 08 09 07 
06 03 06 08 08 04 02 02 03 05 03 01 FC FE 01 01 
02 00 FB F9 F5 F7 F7 F9 FC FD 00 00 02 00 FF FD 
FE FE FE 01 01 FF FE FF 05 06 09 0A 0B 0A 08 08 
0A 0A 0A 09 09 09 0A 08 05 05 03 01 FD FB FC FD 
FD FE FC FD FA FA FA FB F9 FB FC F8 F5 F2 F3 F2 
F3 F4 F5 F8 F7 F7 F6 F8 F7 F9 FB FE FC FB FA FD 
FE 01 FE FF 00 FC FC FC FA F9 F6 F6 F6 FA FB FC 
FC FD FB FC FC FE FB FB F9 FC FC FE FD FF FF FF 
02 02 01 FF FC FA F7 F9 F9 F6 F7 F9 FC F9 F8 F5 
F5 F4 F8 FC FC FE FE 02 04 04 07 07 05 04 02 04 
06 0B 0D 0D 0D 0F 0D 0D 0C 0D 0D 0F 0F 10 0F 11 
11 11 0C 0B 09 08 05 05 03 05 03 03 03 03 00 FF 
FF 00 FE FA F7 FA FB FB F7 F7 F6 F5 F3 F5 F8 F8 
F8 FB FE FF FD FC FE FE FE FB FB FB FD FB F9 F6 
F6 F4 F5 F5 F6 F2 F1 F3 F9 FB F8 F9 F9 FB F9 F9 
F6 F5 F6 F7 F9 F7 F8 F8 F9 F9 F6 F7 F7 F8 F8 F7 
F7 F7 F8 F8 F6 F7 F5 F7 F7 F8 F7 F4 F5 F6 F8 FC 
FD FE FC FD FD FE FE 00 01 05 06 07 08 0B 0B 0B 
0A 0B 0A 0B 0B 0E 0F 0F 0D 0C 09 08 08 07 07 04 
04 03 04 03 04 06 05 05 05 04 03 01 FF FF 01 01 
01 00 FE FF FE FF FF FE FF FF 00 FF 00 00 02 01 
01 00 00 00 03 03 02 02 01 01 FF FE FD FB FB FA 
F9 F6 F6 F6 F6 F4 F4 F3 F4 F6 F7 F8 F8 F8 F7 F9 
FB FB FA FA F9 F6 F6 F6 F8 FA FA FC FD FE 01 00 
01 02 05 03 03 02 00 FF FD FF FF 00 FF FF 00 03 
04 06 04 04 02 03 02 03 02 03 03 04 04 02 02 03 
06 05 06 06 08 08 07 08 07 05 03 02 02 FF FE FD 
FE FF FE 00 FF 01 02 02 02 02 02 04 03 03 02 03 
02 02 00 00 FF FF FF 01 01 FF FF FD FC FC FB F9 
F6 F5 F4 F3 F4 F4 F2 F3 F3 F3 F2 F2 F2 F3 F2 F4 
F5 F7 F7 F6 F6 F6 F9 FA FC FC FE FD FF 00 00 00 
01 03 01 02 02 01 03 03 04 05 06 05 03 02 00 01 
FE FE FE FC FC FB FD FC FC FB FD FD FF 00 00 02 
02 03 04 02 02 01 00 02 02 03 00 00 00 02 01 04 
05 05 04 03 03 00 FD FD FD FC FD FD FD FD FF FD 
FD FC FD FC FC F9 FB FC 00 01 FF FF FE FD FF FF 
00 FE FF FE FF FE 00 00 01 00 01 FF 00 FF FF 00 
FF 00 FE FE FC FE FD FE FE FF FE FF FE FF FE FF 
FD FB F8 F7 F8 FB FC FB FA FA FA FB FA FA F9 FA 
FB FF 00 00 02 02 05 04 06 04 05 04 05 04 06 05 
08 0A 0B 09 0A 08 08 06 08 09 09 0A 08 07 06 05 
05 03 04 02 01 00 FF 00 00 FE FF FD FD FC FD FD 
FD FB FB F9 FA F9 FB FB FD FD FC FC FB FC FC FD 
FC FC FA FB FB FB FD FD FE FD FE FF FE FD FD FD 
FE FE FF 00 01 03 02 01 FF FE FC FD FC FE FD FE 
FE FF FE FD FC FB FB FB FA FA F9 F9 F7 F7 F7 F5 
F6 F6 F7 F7 F7 F7 F9 F9 F9 F8 F9 F8 F9 F9 FC FC 
FE FD FD FC FE FF 01 01 00 00 FF 00 00 02 02 01 
02 02 04 04 03 04 02 03 01 02 03 03 02 03 02 03 
02 03 04 02 02 01 FF 00 00 01 00 01 00 00 FE FF 
FE FE FF FF FF FF FF 00 00 01 00 00 FF 00 00 02 
03 05 04 05 05 04 05 04 05 04 02 03 02 04 03 03 
01 02 02 01 00 01 FF FF FD FD FC FD FD FC FD FD 
FE FD FE FE FF FF FE FF FE FD FF FF 00 FF 00 FF 
FF FE FE FD FD FB FC FB FC FB FC FC FC FD FC FC 
FB FC FC FC FB FC FB F9 FA F9 FA FA FB FB FC FC 
FB FC FB FD FD FD FC FC FB FD FE FD FE FE 00 00 
02 01 02 00 01 00 01 01 00 02 01 02 01 02 00 01 
01 00 01 01 02 01 01 01 00 01 01 01 01 00 01 FF 
00 FF 00 FF FF FE FF FE FD FF FF FF FF FF FE FF 
FD FE FE FD FD FD FC FD FC FF FF 00 01 01 01 01 
02 03 03 03 04 04 03 02 02 02 01 02 01 02 02 02 
02 02 02 01 02 00 01 01 02 02 01 01 FF 00 FF FF 
01 FF 00 FF 00 FE FE FD FE FE FE FE FD FD FC FB 
FC FB FC FC FB FC FC FD FC FC FB FC FC FD FD FE 
FE FD FE FD FE FF FE FF FF FE FF FE FE FD FE FE 
FF FF FE FF FE FE FD FD FC FD FC FD FD FD FD FC 
FD FD FE FD FE FE FE FF FF FE FF FE FF FE FF FF 
00 FF 01 01 02 01 03 02 02 01 02 01 02 02 02 01 
01 01 01 01 00 FE FF FD FE FD FE FE FC FD FB FD 
FD FD FE FC FD FC FD FC FD FE FD FE FE FE FE FF 
FF FF FF FF FE 00 00 01 00 00 01 01 00 01 00 01 
01 00 01 01 00 01 00 01 FF 00 00 01 01 00 01 01 
01 01 00 00 00 00 00 00 FF 00 FE FE FF FE FF FF 
FE FD FE FD FD FE FC FD FC FE FE FD FF FE FF FF 
FF FE FF FE FF FE FF FE FF FE 00 FF 00 FF 00 00 
FE FF FE FF FE FF FF 00 FF 00 00 00 00 00 FF 00 
FE FF FE FF FD FE FE FF FE FF FF 00 FF 00 FF 00 
FF FF FF FE FF FE FF FE FF FF FF FF FF FE FF FE 
FF FF FE FF FE FF 00 FF 00 FF 01 00 01 00 01 00 
01 01 02 01 02 01 02 01 01 01 01 00 01 FF 00 FF 
FE FF FE FF FE FF FF FF FF FE FF FE FF FE FF FE 
FF FD FF FE FF FD FE FE FD FE FD FE FD FE FD FE 
FE FE FE FD FD FD FE FD FE FD FE FD FE FE FF FE 
FF FF FF FF FE FF FE FF FE 00 FF 00 FF FE FF FE 
FF FF FE FF FE FF FE FF FE FF FE FF FF 00 FF 00 
00 FF 00 FF 00 00 01 FF 00 FF 00 01 00 01 00 01 
01 00 01 00 01 FF 00 FF FF 00 FF 00 FF 00 00 FF 
00 FE FF FE FF FE FF FF FE FF FF FF FF FE FF FE 
FE FF FE FF FE FF FF FE FF FE FF FE FF FE FF FF 
FE 00 FF FE 00 FF 00 FF 00 FF FF FE FF FE FF FF 
FE FF FE FF FF FE FE FD FE FE FD FE FD FE FE FF 
FE FF FE FF FE FF FE FF FE FF FE FF FE FF 00 00 
FF 00 FF 00 FF 00 FF 00 FF FF 01 00 01 00 01 00 
01 FF 00 01 01 01 01 01 01 01 00 00 00 00 00 00 
00 00 00 FF 00 FF FF FF FE FF FE FF FE FF FE FF 
FE FF FE FF FF FF FE FF FF FE FF FE FF FE FF FF 
FE FF FE FF FE FE FF FE FF FF FF 00 FF 00 FF 00 
FF 00 00 00 FF 00 FF 00 FF 00 FF 00 FF FF FF FF 
FE FF FE FF FF FE FF FE FF FE FF FF FE FF FE FF 
FE FF FE FF FF FF FF FE FF FE FF FE 00 FE FF 00 
FF 00 00 FF 00 00 FF 00 FF 00 FF 00 00 FF 00 FF 
00 FF 00 FF 00 00 FF 00 00 FF 00 FF 00 00 FE FF 
FE FF FF FF FE FF FE FF FF FE FF FE FF FE FF FE 
FF FE FF FE FF FE FF FE FF FE FF FE FF FE FF FE 
FF FE 00 FF 00 00 00 FF 00 00 00 00 00 00 FF 00 
FF 00 FF 00 FF 00 FF 00 00 FF 00 FF 00 FF 00 00 
FF 00 FF 00 FF 00 FF 00 00 FE 00 FE FF FE FF FE 
FF FE FF FE FF FE FF FE FF FE FF FE FF FF FF FE 
FF FE FF FE FF FE FF FE FF FE FF FF FE FF FE FF 
FE FF FF FE FF FE FF FE FF FE FF FE FF FE FF FF 
FE FF FE FF FE FF FE FE FF FE FF FE FF FE FF FE 
FF FF FE FF FE FF FF FE FF FF FE FF FE FF FE FF 
FE FF FE FF FE FF FE FF FE FF FE FF FE FF FE FF 
FE FF FF FE FF FE FF FF FE FF FE FF FF FE FF FE 
FF FE FF FF FE FF FE FF FE FF FF FE FF FE FF FF 
FE FF FE FF FF FE FF FF FF FE FF FE FF FF FE FF 
FE FF FF FF FE FF FE FF FE FF FE FF FE FF FE FF 
FE FF FE FF FE FF FF FF FF FE FF FE FF FE FF FE 
FF FE FF FE FF FE FF FE FF FE FF FE FF FE FF FE 
FF FE FF FE FE FF FF FE FF FE FF FE FF FF FE FF 
FF FF FE FF FE FF FE FF FE FF FE FF FE FF FE FF 
FE FF FE FF FE FF FE FF FE FF FE FF FE 02 F8 FB 
19 D6 31 F3 E6 36 C7 37 E9 ED 39 CF 2C F0 EB 3E 
D5 27 FA E7 45 D5 28 05 E1 32 C9 22 04 D9 34 CE 
1E 0D D3 34 D5 18 17 D4 3C D5 0F 20 D2 37 D4 08 
1F CF 36 DC FD 28 CB 33 E5 F3 2E D0 31 E9 F5 36 
CF 2C EE F1 3C D4 2A F5 ED 32 D4 24 FF E5 31 D3 
24 06 DC 33 CD 21 0A DB 33 D3 1C 13 D6 39 D7 13 
1C D7 36 D4 0C 1F D3 36 DB 02 24 CD 34 E4 F8 2B 
D0 30 E6 FA 32 D0 2C EA F5 29 D3 2C F0 F2 2F D4 
25 FC EB 2E D4 20 04 E8 2E D0 1A 0D E1 31 D3 1E 
11 D6 34 D6 17 18 DB 33 D4 10 1C D5 36 D9 07 20 
D4 36 E2 FA 16 D6 2D E1 FD 1F D2 2A E8 FB 25 D5 
2B F0 F2 25 D4 26 F9 F1 2C D5 20 01 EA 2E DA 1D 
08 E5 2E D5 19 11 E1 30 D8 13 0E DF 2F D5 0E 0F 
D9 32 DA 07 13 D8 35 E0 FD 14 D6 30 E5 F6 19 D9 
2D E6 F9 21 D6 2A ED F5 23 D5 27 F5 F4 2A D4 21 
FE EC 2D D9 1F 04 E7 2D D5 1C 0D E7 2B D5 17 0A 
E2 2E D4 12 0C DC 31 D9 08 0B DB 33 DF 00 12 D7 
30 E2 F9 17 DA 2E E3 FD 1B D7 2B EC FB 20 D5 28 
F2 F7 28 D4 22 FA F0 2B D8 21 02 EC 2C D5 1F 09 
EB 24 D3 18 05 E3 27 D5 12 07 E0 2E D9 0A 0A DE 
32 DD 03 0F D9 2D DA FE 13 DC 2E E2 00 16 D9 2C 
E9 FE 1E D6 29 EF FB 25 D8 28 F5 F4 29 D9 22 FF 
EF 2B DD 1F 05 ED 23 D4 1B 02 E5 26 D5 14 02 E4 
2D D7 0C 0A E1 31 DB 06 0C DB 2D D9 02 10 DE 2C 
E0 03 13 DA 2C E6 01 1B D6 2A EC FE 23 D8 29 F2 
F7 26 DA 25 FB F2 2A DD 21 02 F0 22 D3 1E FE E8 
25 D4 16 FF E9 2D D5 10 04 E3 2E D5 0B 08 DE 2B 
D8 03 09 E0 2B DF 07 11 DB 2C E4 04 19 D8 2A EA 
FF 1F D9 29 F0 FC 24 DB 26 F9 F8 22 DC 24 FF F2 
20 D3 1F FB EB 24 D4 19 FC E9 2C D5 12 03 E6 2A 
D5 0E 05 E0 2A D7 06 06 E2 2B DC 0A 0D DE 2A E3 
06 17 D7 2C E5 02 17 E4 18 F2 04 FC 02 FB 00 02 
F8 07 FB 03 FE 01 FD 01 FE FF 00 FD 00 FE FF FF 
FE FF FE FF FE FE FF FF FE FF FF FF FF FE FF FE 
FF FE FF FE FF FE FF FE FF FE FF FE FF FE FF FE 
FF FF FE FF FE FF FE FF FE FF FE FF FE FF FE FF 
FE FF FE FF FE FF FE FF FE FF FE FE FF FE FF FF 
FE FF FE FF FF FE FF FF FE FF FE FF FE FF FE FF 
FF FE FF FF FF FE FF FF FE FF FE FE FF FE FF FE 
FF FF FF FF FE FF FE FF FF FE FF FF FF FE FF FE 
FF FE FF FE FF FF FE FF FE FF FE FF FF FF FE FF 
FE FF FE FF FF FF FF FE FF FF FE FF FE FF FF FE 
FF FE FF FE FF FF FE FF FE FF FF FE FF FE FE FF 
FE FF FE FE FF FE FF FE FF FE FF FF FE FF FF FE 
FF FE FF FE FF FE FF FE FF FF FE FF FE FF FE FF 
FE FF FE FF FE FF FE FF FE FF FE FF FE FF FE FE 
FF FF FE FF FE FF FE FE FF FE FE FF FE FF FE FF 
FE FE FF FE FE FF FE FF FE FE FF FE FF FE FF FF 
FE FF FE FD FF FE FE FF FE FF FE FE FF FE FF FF 
FE FF FE FF FE FF FE FF FE FF FE FF FE FF FE FF 
FE FE FF FE FE FF FE FF FE FE FF FE FF FE FE FF 
FE FF FE FE FF FE FE FE FE FF FE FE FE FE FF FE 
FF FF FE FF FE FE FE FE FF FD FE FE FE FF FD FE 
FE FE FF FD FE FE FE FF FE FF FE FE FE FD FF FE 
FE FE FD FF FE FE FE FD FF FE FE FF FD FE FE FD 
FE FD FE FE FE FF FD FE FE FE FF FD FE FE FE FF 
FD FE FE FE FF FE FF FE FE FF FE FE FF FE FE FF 
FE FF FF FE FF FE FF FE FF FE FF FE FE FF FE FF 
FF FE FF FE FE FE FE FF FE FE FF FE FF FF FE FF 
FE FF FE FE FF FE FF FE FE FF FE FE FF FE FF FE 
FF FE FE FF FE FE FE FE FF FE FE FF FE FF FE FE 
FF FE FF FE FE FF FE FF FE FF FE FF FE FF FE FF 
FD FF FE FF FE FE FE FF FE FF FE FF FE 01 F8 FF 
15 E3 23 E6 FA 2D CE 31 E9 F4 1A D5 26 EB EF 18 
D9 21 F2 E8 1C D9 1F F9 EA 24 D8 1B FF E8 2A D9 
15 06 E4 2D DE 13 0C E5 29 E2 12 12 E5 25 E3 0D 
0E DD 27 DF 03 16 DB 27 E4 FD 17 DA 29 E5 F8 15 
D5 25 E7 F1 16 D9 26 EE F4 1F D6 24 F4 F2 25 D6 
1E FC EA 29 D7 18 03 E8 2E DC 17 0A E6 29 E0 15 
0F E6 25 D9 0E 0C DD 28 DC 08 0E DB 2D E0 01 14 
DB 2A E2 FB 13 D7 29 E4 F4 15 DA 28 EB F8 1D D7 
25 F1 F5 24 D5 21 F8 F0 28 D9 20 FF EE 2D DB 19 
06 EA 23 DD 17 0B E9 24 D8 10 0A DF 28 DA 0B 0B 
E0 2E DE 05 0F DB 2B E0 FE 10 D8 29 E2 F7 13 DA 
29 E8 FB 1B D7 27 EE F8 22 D6 23 F6 F0 26 D9 22 
FC F1 2A DD 1F 03 EE 27 DE 19 09 EA 24 D7 13 07 
E4 28 D9 0E 08 E2 2E DD 07 0F DE 2B DD 01 0E D9 
2A E0 FB 10 DC 29 E6 FD 18 D8 28 EB FB 20 D6 24 
F2 F5 26 D8 24 F8 F4 28 DD 21 00 F1 21 DC 1C 05 
ED 23 D6 16 04 E6 27 D7 11 05 E4 2E DA 0B 07 DE 
29 D6 06 09 DF 2A DE 08 0F DC 2B E3 01 15 D9 28 
E9 FD 1E D6 27 EF F9 23 D9 25 F6 F7 22 DC 24 FC 
F4 1F DC 1F F8 ED 23 D5 19 00 E9 26 D6 14 01 E8 
29 D6 0E 02 E0 2B D9 07 07 E2 2B DB 0C 0C DE 2B 
E0 0A 14 DA 2A E6 01 1B D7 27 EC FC 21 D9 27 F3 
FA 20 DC 26 FA F7 1E DC 20 F5 F0 21 D4 1B FD EB 
25 D6 16 FF E9 29 D3 13 00 E3 27 D5 0B 01 E6 2A 
DA 0E 09 E0 2B DE 0D 11 DB 2A E4 04 19 D8 28 EB 
01 1E DA 28 F0 FD 1E DC 27 F7 F9 1C DC 22 F2 F3 
1F D3 1D FA EE 24 D5 19 FC EC 27 D3 13 FB E6 26 
D3 0D FF E5 29 D9 11 06 E2 2B DC 10 0E DD 2B E1 
08 15 DD 2B E7 07 1C DB 29 EE 00 1C DD 29 F5 FC 
1A DC 23 F0 F8 1D D5 1F F3 F2 23 D4 1B F8 F0 25 
D2 15 F8 E9 25 D3 10 FC EA 29 D7 14 03 E5 2A DC 
11 0C DD 2D DD 0E 0E E8 16 F0 06 FA 04 F9 03 00 
FA 05 FB 02 FD 01 FD 01 FD 00 00 FE 00 FE FF FF 
FE FF FE FF FE FF FE FF FE FF FF FE FF FE FF FE 
FF FE FF FE FF FE FF FE FF FE FF FE FF FE FF FE 
FF FE FF FF FE FF FE FF FE FF FE FF FE FF FE FF 
FE FF FF FF FE FF FE FF FE FF FE FF FF FF FF FE 
FF FE FF FE FF FF FE FF FF FE FF FF FE FF FF FE 
FF FE FF FE FF FF FE FF FE FF FE FF FF FE FF FE 
FF FE FF FE FF FE FF FE FF FF FF FE FF FF FE FF 
FE FF FE FF FE FF FE FF FE FF FE FF FE FF FE FE 
FF FE FF FE FE FF FE FF FE FE FF FE FF FE FF FE 
FF FE FF FE FF FF FE FF FE FF FE FF FE FE FF FE 
FF FE FF FF FF FF FE FF FE FF FE FF FE FF FF FE 
FF FE FF FE FF FE FF FE FE FF FE FF FE FF FE FF 
FE FF FE FF FF FF FF FF FE FF FE FF FE FF FE FF 
FE FF FE FF FE FF FE FF FE FF FE FF FE FF FE FE 
FF FE FF FE FE FF FE FF FE FE FF FE FE FF FE FF 
FE FE FF FE FF FE FE FE FD FF FE FE FE FD FF FE 
FE FE FD FE FD FE FE FE FF FE FF FE FE FF FE FF 
FE FF FE FE FE FF FE FF FE FF FE FE FF FE FE FF 
FE FF FE FE FF FE FF FE FE FF FE FE FF FE FF FF 
FE FF FF FE FF FF FE FF FE FF FE FF FE FF FE FF 
FE FF FE FE FF FE FE FE FE FF FE FE FF FE FF FE 
FE FF FE FF FE FE FF FE FF FE FE FE FE FF FE FE 
FE FE FF FE FE FE FE FF FE FF FE FD FE FF FF FE 
FE FF FE FF FE FF FE FF FF FE FF FE FF FE FF FE 
FF FE FF FF FF FE FF FE FF FE FF FE FF FE FF FE 
FF FE FF FF FF FF FF FE FF FE FF FE FF FF FF FE 
FF FE FF FE FF FE FF FE FF FE FE FF FE FE FF FE 
FF FE FE FF FE FF FE FE FF FE FF FE FE FF FE FF 
FE FE FF FE FF FE FE FF FE FF FE FE FF FE FE FE 
FE FF FE FE FE FE FF FD FE FE FE FF FE FF FE FE 
FF FE FE FF FE FF FE FF FE FF FE FF FE FF FE FF 
FE FE FF FE FF FE FE FF FE FE FE FE FF FE FE FF 
FE FF FE FF FF FF FE FF FF FE FF FF FE FF FE FF 
FE FF FE FF FE FF FE FF FE FE FF FE FF FF FE FF 
FE FF FE FF FF FE FF FE FF FE FF FE FF FE FF FE 
FF FF FE FF FE FF FF FE FF FE FF FE FF FF FE FF 
FF FE FF FE FF FE FF FE FF FE FF FE FF FE FF FE 
FF FE FF FE FF FE FF FE FF FE FF FF FE FF FE FE 
FF FE FF FE FF FE FF FE FF FF FE FF FE FF FF FF 
FF FF FF FF FF FF FF FF FF FF FF FF FF FF FF FF 
FF FF FF FF FF FF FF FF FF FF FF FF FF FF FF FF 
FF FF FF FF FF FF FF FF FF FF FF FF FF FF FF FF 
FF FF FF FF FF FF FF FF FF FF FF FF FF 00 01 00 
FE FE FF 00 00 00 FF FF 00 02 00 00 FE F9 EF 05 
0F 05 03 F6 FC F3 0B 03 FE 01 FA FE FB 0C FE FD 
FF FF FF 03 01 FA F9 02 04 05 04 FB F8 FD 04 04 
02 FF FD FE 03 03 FF FA F7 F2 FB 17 0E FC FA F2 
FB 00 0F 05 FF FC E7 FA 06 10 07 FF FA F2 00 05 
00 FF 02 03 02 00 FC F8 02 07 04 01 FC FA FB F9 
F9 05 0E 06 FD FC F7 F9 0B 0F FD F5 F8 F0 F9 0C 
13 07 F9 F4 ED F7 0C 15 09 FA F4 F9 01 07 04 FE 
FF 01 03 01 FB F7 F3 EF 03 27 18 EB E9 FB F7 0C 
23 08 EB EC F5 EF 0C 18 00 EA E4 09 29 14 E8 E8 
FA FD 17 1E FA D9 ED 0D 16 19 F9 E4 E1 F4 1F 34 
06 D1 E8 09 05 16 16 F5 EC FD FC E9 05 0A 04 0A 
01 E1 DD 16 2F 0A EA EE FB 00 0E 15 FA EA F3 08 
11 0C FE F0 EE E9 FC 2F 2A E9 D6 01 05 00 24 12 
EB E8 F5 F1 00 1B 02 F7 F0 DF F2 33 38 EA D5 FA 
01 0C 29 07 DF E2 F5 02 16 21 FB EE EC E0 02 3A 
25 D8 D8 09 10 0E 1B FA E4 F3 FD FA 01 0F F8 F5 
F3 E3 05 40 20 D6 E0 0A 0A 0E 15 F4 E5 FA 06 FA 
04 09 F7 ED E2 04 3B 24 E1 E1 F8 F8 20 38 06 D8 
E1 ED FD 12 0E E5 C0 F9 5B 3C F6 D4 CC F1 28 4A 
FD CA CE FA 29 2A 09 DB E2 FA FA F3 13 2E 0B E1 
FA 08 EE 02 2B 0B ED E6 E7 F6 18 1A F8 F3 DA DF 
2A 56 F7 C5 EF 01 0A 37 1C D3 DC FA 04 09 0D EC 
EB 01 E9 ED 39 35 E4 E6 00 F0 0F 2E 15 EB F1 E4 
E8 0B 0D F5 C1 C9 45 63 21 F3 B2 C9 FF 67 32 EA 
BB BF 10 32 3F E5 DA D0 D1 03 66 42 D2 D7 F1 FB 
19 3A FC DE F5 F8 F6 0B 02 E7 E5 D0 02 60 35 FE 
D7 D1 EA 14 52 18 EF C5 D6 02 1C 25 E1 E6 D5 E8 
2A 57 1D CC D7 EC 03 2F 2E EC DA EB 09 0F 16 F7 
E1 F9 F3 E8 11 4B 07 D4 FB 06 F5 12 25 F6 F1 F8 
ED FB 12 08 EF F4 DF C5 E6 53 54 F8 FB EB CD 06 
34 10 F5 FD EF ED 15 08 EB E6 CD CD 32 73 1C FD 
DE CB EB 15 3B 0C FF E9 E2 FC 0F 07 E8 CB A2 FA 
6D 5F 2F E7 BE C5 FE 49 23 EB BF D4 0F 4C 3D F0 
CA C1 DB EC 3A 4D 00 E1 08 01 09 1C F6 DF EC 0A 
04 0E 0E EE EB E6 C4 E4 43 2E 11 1F F0 F0 FC 16 
02 EF 02 E4 F9 0B 06 00 E7 C2 B9 28 4C 24 3E E2 
E1 F5 04 21 F3 04 D6 F6 15 0C 17 EB C4 AB FE 47 
27 42 03 D5 07 FD 19 01 F3 DC DD 0A 0A 26 12 F0 
DB D8 D5 F9 3B 0C 13 13 F3 1D 19 01 E7 DD D5 F8 
1F 1C 1C 06 E7 CF CC 0F 1E F6 20 FB F5 46 16 10 
01 C7 DB EB 02 07 17 01 E6 E7 CD F6 27 09 21 00 
FC 14 17 30 F6 07 D6 E6 FE F0 05 E9 E6 BC F9 35 
1B 4D 0C E9 0B EE 18 FF FF DF E4 FC FE 28 10 0C 
E8 E6 C9 DA 21 F6 1E 15 F8 28 21 2B 09 F9 CD CD 
EC E5 14 05 0A 00 01 EE F3 26 F2 0B 04 DF 0F 14 
1D 1B 0A ED EA 01 F3 09 FF E8 DF C9 D4 13 1A 24 
2E F8 17 0B 23 20 FB F4 C4 E5 DE FF 0C FE 00 DA 
E5 03 23 19 25 FC EC 06 06 27 16 0A E7 E1 ED F3 
13 01 F6 DB C7 E2 14 1A 26 1B F8 10 0F 26 1F 09 
EC D1 DF E4 FF 06 01 F9 F1 F5 EA 0C 23 01 13 FC 
F1 0D 0F 20 0E 06 EF EA FE F9 09 FF F4 E6 DD DA 
EC 0E 02 15 06 0D 16 25 34 18 19 EA EC E4 EA F3 
E2 EC D5 DC E5 02 18 18 22 12 16 1E 23 20 13 FC 
E8 E6 E6 F0 F1 F0 E8 E4 E3 E8 06 0D 14 13 09 14 
11 29 21 19 0A EE F3 E8 F5 F1 EB EB E1 EC EB F0 
01 02 0B 0B 0F 18 14 24 1C 17 10 FB FC F1 F4 F0 
E9 EA E2 E6 E3 EA FC FB 0C 07 0E 18 15 2D 1E 21 
11 FF 01 F2 F8 F0 EB E9 E0 E7 E7 E9 F2 F8 00 03 
07 10 13 1A 23 1E 1D 12 08 05 FA F7 F3 EC EC E7 
E5 E5 E6 F0 F4 FA 01 01 0A 0F 15 20 1D 1C 15 09 
07 00 FB F9 F1 EF F0 F0 F2 F1 F3 F5 F9 FC FA FE 
FE 01 08 08 0D 10 0B 0D 09 02 05 01 02 05 FF FD 
FB F6 F9 FA F9 FC F6 F4 F8 F8 FF 03 FF 00 FE FD 
03 05 06 08 05 04 07 07 07 07 02 00 FD FA FA F9 
F7 F6 F7 F8 FB FD FE FE FE FE 00 02 04 04 04 05 
06 07 07 06 04 02 00 FE FC F9 F7 F6 F6 F9 FA FC 
FE FE FF 00 01 01 02 02 03 04 05 05 05 05 04 03 
02 00 FE FC FA F9 F8 F8 F9 FA FC FD FF 00 00 01 
01 01 02 02 03 03 04 04 04 04 03 02 02 00 FF FF 
FC FB FA F9 FA F9 FB FC FC FE FF 00 01 00 00 01 
01 01 02 02 03 03 04 04 04 03 03 02 01 00 FF FD 
FD FB FA FA FA FA FB FC FC FD FE FF FF 00 00 00 
01 01 01 02 02 03 04 04 04 04 04 03 02 01 00 FF 
FE FE FD FC FC FB FB FB FB FB FC FD FD FE FE FF 
FF 00 00 01 01 01 01 02 02 03 03 04 04 04 03 03 
02 01 01 00 FF FE FE FD FD FC FC FC FC FC FC FC 
FC FD FD FE FE FF 00 00 00 01 01 01 01 02 02 02 
02 03 03 03 03 02 02 01 01 00 FF FF FE FE FE FD 
FD FD FD FD FD FD FD FD FD FD FD FE FE FF FF 00 
00 00 01 01 01 01 01 01 01 02 02 02 02 02 02 01 
01 01 00 00 FF FF FF FE FE FE FE FE FE FD FE FE 
FE FE FE FE FE FE FE FF FF FF FF 00 00 00 00 00 
01 01 01 01 01 01 01 01 01 01 00 00 00 00 00 FF 
FF FF FF FF FF FE FE FE FE FE FE FF FF FF FF FF 
FF FF FF FF FF FF FF FF 00 00 00 00 00 00 00 00 
00 00 00 00 00 00 00 00 00 00 00 00 FF FF FF FF 
FF FF FF FF FF FF FF FF FF FF FF FF FF FF FF FF 
FF FF FF FF FF FF FF FF FF FF FF FF FF FF FF FF 
FF FF FF FF FF FF FF FF FF FF FF FF FF FF FF FF 
FF FF FF FF FF FF FF FF FF FF FF FF FF FF FF FF 
FF FF FF FF FF FF FF FF FF FF FF FF FF FF FF FF 
FF FF FF FF FF FF FF FF FF FF FF FF FF FF FF FF 
FF FF FF FF FF FF FF FF FF FF FF FF FF FF FF FF 
FF FF FF FF FF FF FF FF FF FF FF FF FF FF FF FF 
FF FF FF FF FF FF FF FF FF FF FF FF FF FF FF FF 
FF FF FF FF FF FF FF FF FF FF FF FF FF FF FF FF 
FF FF FF FF FF FF FF FF FF FF FF FF FF FF FF FF 
FF FF FF FF FF FF FF FF FF FF FF FF FF FF FF FF 
FF FF FF FF FF FF FF FF FF FF FF FF FF FF FF FF 
FF FF FF FF FF FF FF FF FF FF FF FF FF FF FF FF 
FF FF FF FF FF FF FF FF FF FF FF FF FF FF FF FF 
FF FF FF FF FF FF FF FF FF FF FF FF FF FF FF FF 
FF FF 00 00 FF 00 FF FF 00 FF 00 00 FF 00 00 00 
FF 00 FF 00 FF FF 00 FF FF 00 FF 00 00 FF 00 FF 
00 FF 00 FF FF FF FF 00 FF 00 FF 00 FF FF FF 00 
FF FF FF 00 FF FF FF 00 FF 00 FF 00 00 FE 00 FF 
FF 00 FF 00 FF FF 00 FF 00 FF 00 FF 00 FF FF FF 
FF 00 FF FF FF FF 00 FF 00 FF 00 FE 00 00 FF 02 
FE 00 FF 00 FF FF FF FF 00 FF FF 00 FF FF 00 FF 
00 FF 00 FF FF 00 FF 00 00 FF 00 00 FF FF FF FF 
00 FF 00 FF 00 FF 00 00 FF 00 FF 00 FF 00 FF 00 
FF FF FF FF FF FF 00 00 FF FF 00 FF 00 FF 00 FF 
FF 00 FF 00 FF FF FF 00 FF FF FF FF 00 FF FF 00 
FF 00 FF FF 00 FF 00 FF 00 FF FF FF 00 FF 00 FF 
FF 00 FF 00 FF FF 00 FF 00 FF 00 FF FF 00 FF 00 
FF FF 00 FF 00 00 FF FF FF FF FF FF FF 00 FF 00 
FF FF FF FF FF FF FF FF 00 FF 00 FF FF 00 FF 00 
FF 00 FF FF FF FF 00 FF FF FF 00 FF 00 FF 00 FF 
FF FF 00 FF 00 FF 00 00 FF 00 FF FF 00 FF FF 00 
FF 00 FF 00 FF 00 FF FF 00 FF 00 FF 00 FF FF 00 
00 FF 00 FF FF 00 FF 00 FF FF 00 FF 00 FF 00 FF 
00 FF FF 00 FF 00 FF FF 00 FF FF 00 FF FF FF 00 
FF 00 FF FF 00 FF 00 00 FF 00 FF 00 FF 00 FF 00 
00 FF 00 FF 00 FF FF 00 FF 00 FF FF 00 00 FF FF 
FF FF 00 FF 00 FF FF FF 00 00 FF FF 00 FF 00 FF 
00 00 FF 00 FF 00 FF 00 FF FF FF FF 00 FF FF FF 
00 FF 00 FF 00 FF FF 00 00 FF 00 FF FF 00 FF 00 
FF 00 FF FF 00 FF 00 FF 00 FF 00 FF FF 00 FF 00 
FF 00 FF FF 00 FF 00 FF 00 FF 00 FF 00 FF 00 FF 
FF 00 FE 01 FE 00 FF 00 FF 00 00 FE 01 FE 00 FF 
FF 00 FF 00 FF 00 00 FF 00 FF 00 00 FF 00 FF FF 
FF 00 FF 00 FF FF 00 FF 00 FF 00 FF FF 00 FF FF 
FF FF 00 FF 00 FF FE 01 FE 01 FE 00 00 FE 00 FF 
00 FF 00 00 FF 00 FF 00 FF FF 00 FE 00 FE 00 FF 
00 FF FF FF 00 00 FF 00 FF 00 FF 00 FF 00 00 00 
FF FF 00 FE 00 FE 00 FF FF 00 FF 00 FF FF 00 00 
FF 00 FF FF 00 00 FF 01 FE 00 00 FE 00 FE 00 FE 
01 FF 00 00 FF 00 FE FF 00 FE 00 FE 00 FF FE 01 
FE 01 FF 00 00 FF FF 00 FF FF 00 FF 00 FF FE 00 
01 FF 01 FF 00 00 FF FE 01 FE 00 FF FF 00 FE 00 
FF 00 00 FF 00 00 FE 00 FF FF FF FF 00 FF FF 00 
00 FF 00 FF 00 FF FF 00 FF 00 00 FF 00 FE 00 FF 
FF 00 FF 01 FE 00 FF FE FF FF FF 00 FF FF 00 FE 
01 FF FF 00 FF 00 FF FF FF 00 FF FF FF FF 00 FF 
01 FF FF 00 FF 00 FF FF FF FF FF 00 FE 00 FE 00 
00 FF FF 00 00 FF 00 FF FF FF FE FF FF 00 FF FF 
00 FF 00 FF 00 FE 00 00 FF 00 FF FF 00 FF 00 00 
FF 00 FF 00 FF 00 FF 00 FF 00 FF FF 00 00 00 00 
FF 00 FF FF 00 FF 00 FF 00 FF 00 FF 00 FE 00 FF 
00 00 FF 00 FF 00 FF FF FF 00 FF 00 FF 00 FF 00 
FF FF 00 FF FF 00 00 FF 00 00 FF FF FF FF 00 FE 
00 FF 00 FF 00 FF 00 FF 00 FF FF 01 FF 01 FF 00 
FF FF 00 FE 00 FF FF 00 FF 00 00 FF FF 01 FE 00 
00 FF 00 FF FF 00 FF 00 FE 00 00 FF 01 FE 01 FF 
FF 00 FE 00 FF FF 00 FE 01 FE 00 00 FF 00 FF 00 
FF 00 FF 00 FF 00 FF 00 00 FF 00 FF FF 00 FE 01 
FE 00 FF 00 00 FF 00 FE 00 00 FD 01 FE 00 00 FD 
02 FD 01 FE FF 00 FF 00 FF 00 FF 00 FF 00 FE 01 
FE 00 FF FF 01 FE 00 FF 00 00 FF 00 00 FF 00 FF 
00 FE 00 00 FE 01 FD 01 FE FF 00 FE 00 FE 00 FF 
00 FF FF 00 FF 00 00 FF 00 FF 00 00 FE 01 FE 00 
FF FF 00 FF 00 00 FF 00 00 FF 01 FE 01 FE 00 FF 
FF 00 FE 01 FF FF FF 00 FF 00 FF 00 FF 00 FF FF 
FF 00 FF 00 FF FF 00 FF 00 FF 00 FF 00 00 FF 00 
00 FF 00 FF FF 00 FF 00 FE 01 FE 00 FF FF 00 FF 
00 00 FF 00 FF 00 00 FF 00 FE 01 FE 01 FF 00 00 
FF 00 FE 00 FE 00 FF 00 FF FF FF FF FF 00 FF 00 
FF 00 FF 00 FF 00 FF 00 00 FF 00 FF 00 FF FF FF 
00 FF 00 FF FF FF FF FF FF FF 00 FF 00 FF FF 00 
FF 00 FF FF 00 FF 00 FF 00 FF FF 00 FF 00 FF FF 
00 FF 00 FE 00 FF 00 00 FE 01 FE 00 FF FF 00 00 
FF 01 FE 00 FF FF 00 FF 00 FF FF FF 00 FF 00 FF 
00 FF FF 00 FF FF 00 FE 01 FF 00 FF 00 FF 00 FF 
00 FF 00 FF FF 00 FE 01 FD 02 FE 01 FE 00 FF FF 
00 FF 00 FF 00 FF 00 FF 01 FE 00 FF 00 00 FF 00 
00 FF 00 FF FF 00 FF 00 FF 00 FF 00 FF 00 FF 01 
FF 00 FF FF 00 FF FF 00 FF 00 00 00 00 FF 00 FF 
00 FF 00 FF 00 FF 00 FF 00 FF FF 00 FF 00 00 FF 
00 FF FF FF 00 FF 00 FF 00 FF FF 00 FE 01 FE 01 
FE 00 FF FF 00 FF 00 FF FF 00 FF FF 00 FF 00 FF 
01 FE 00 FF 00 FF 00 FF FF 00 FF FF 00 FF 00 FF 
00 00 FF 00 FF 00 FF 00 FE 00 FF 00 FF 00 FF FF 
00 FF 01 FE 00 FF 00 FF 00 FF 00 FF 00 FF 00 FF 
FF FF 00 00 FF 01 FE 00 FF 00 FF 00 00 FF 00 FF 
00 FF FF 00 FF 00 FF 00 FF 00 00 FF 01 FE 00 FF 
FF 00 FF 00 FF 00 00 FF 00 FF 00 FF FF 00 FF 00 
00 FF 00 FE 01 FE 00 00 FE 01 FE 01 FF FF 00 FF 
FF 00 FF 00 FF FF FF FF 00 FF FF 00 FF 00 FF 00 
00 FE 01 FE 01 FE 01 FF FF 00 FE 01 FE 00 FF 00 
FF 00 FF 00 FF FF 00 FF 00 FF 00 00 FF 00 FF 00 
FF FF 00 FE 01 FE 00 FF FF 00 FE 02 FD 01 FF FF 
00 FE 01 FE 00 FF 00 00 FF FF 00 FF 00 FE 00 FF 
FF 00 FF 00 FF 00 FF 00 FF 00 FF FF 00 FF 00 FF 
00 00 FF 00 FF 00 00 FF 00 FE 00 FF FF 00 FF 00 
00 FF 00 FF FF FF FF 00 FE 01 FF 00 FF 00 FF FF 
00 FF 00 FE 00 FF FF FF 00 00 FF 00 FF FF 00 FF 
00 FF FF 00 FF 00 FF FF 00 FF 00 FF FF 00 FF 00 
FF 00 FF FF 00 FF 00 00 FF 00 FF FF FF FF 00 FF 
00 FF FF 00 FF FF 00 FF FF 00 FF FF 00 FF FF 00 
FF 00 FF FF FF FF 00 FF 00 FF 00 FF 00 FF FF 00 
FF 00 FF 00 FE 00 FF FF 00 FF FF FF 00 00 FF 00 
00 FF 00 FF FF 00 FF 00 FF 00 00 FF 00 FF FF 00 
FF FF FF 00 FF 00 FF FF 00 FF 00 FE 00 FF FF 00 
FE 00 FF 00 FF FF 00 FF FF 00 FF 00 FF FF 00 FF 
00 FF 00 FF FF 00 FF 00 FF 00 FF 00 FF FF 00 FF 
FF 00 FF 00 FF 00 FF FF 00 FF 00 FF 00 FF FF 00 
FF FF 00 FF 00 FF FF 00 FF 00 FF FF 00 FF 00 00 
FF 00 FF FF 00 FF 00 FF 00 FF 00 FF FF 00 FF FF 
00 FF FF 00 FF 00 FF 00 FF FF FF 00 00 FF 00 FF 
00 FF 00 FF FF 00 FF FF 00 FF FF FF 00 FF FF 00 
FF 00 FF 00 FF FF 00 FF 00 00 FF 00 FF FF FF FF 
00 FF FF 00 FF 00 FF 00 00 FF 00 FF 00 FF 00 FF 
FF 00 FF FF FF 00 FF FF 00 FF FF 00 FF FF FF FF 
FF 00 FF FF 00 FF FF 00 FF FF FF FF FF FF 00 FF 
FF 00 FF FF FF FF FF FF 00 FF FF 00 FF 00 FF FF 
FF FF FF FF FF FF FF FF FF FE FE FE FE FF FE FF 
FF FF FF FF FF FF FF FF FF FF FF FF FE FE FF FF 
FE FE FE FE FE FE FE FE FF FF FF FF 00 00 00 00 
01 02 02 01 01 02 03 03 02 01 01 02 05 1A 4E 1F 
BD 15 17 F3 50 F9 DE 26 E9 01 18 E1 11 05 F4 15 
F4 00 1A 5D 79 23 0E E2 EE 2A 03 13 FC F7 09 01 
03 F7 F8 FF 10 FC 12 F9 FB 0C 05 19 02 01 06 10 
50 52 30 34 E0 05 15 F3 0E E3 F8 FA F5 1B F5 0F 
06 DE 1F F0 03 03 E5 13 F6 0B 08 EA 03 04 08 1B 
00 FA FF FC 0D 0B FF F9 EE FC 0E 0B 0B F5 F4 00 
FB 15 F1 0A 03 04 15 FB 0B 03 F9 0A 14 1D 3F F1 
12 0D 0F 37 F5 F0 DF F4 12 FB F5 E3 E7 FB FB F8 
DD EB E0 0D 10 09 1A 0F 28 2E 26 1C 1A 01 14 18 
10 0B F6 F3 FE FA 01 F7 EC F4 F4 FC F5 F9 F6 FC 
0A FE 03 F7 F0 FF F9 07 04 28 11 00 0F F9 17 08 
FB FC EC 10 06 FD F8 DF F9 03 02 FB F4 F0 05 13 
02 00 EB F2 14 04 04 FD EA F6 04 03 FB F0 E7 F2 
FB F6 F0 EA E5 F3 FE F4 F7 EF F2 05 F7 FC FB F1 
F9 F7 F4 EE EF EE ED F2 E4 E8 EA E6 EB EC E9 EB 
F5 EF F1 EC EA F5 F6 F1 EF E9 E6 EA F0 EE EA E4 
DF E8 E5 EB E5 E0 E6 E8 EE F2 E9 E9 ED EA ED EC 
EB E8 EE EF F1 F5 EB ED F5 F0 F2 F0 E8 EE EE F0 
F1 EE EE F0 EE F6 F6 F2 F2 EA EC F0 EF EF E7 E7 
EC F1 F4 EE F0 ED ED F4 F6 F1 F2 F5 F9 01 03 FE 
FB 00 00 07 07 FF FB F7 FA 00 02 FF F9 F6 F6 FB 
06 FE FB FB F9 01 02 02 02 01 FF FD F8 F5 EB F0 
F1 EA EE E8 EB F7 FB 02 00 02 0E 10 1B 1C 17 23 
22 21 21 15 18 17 18 17 08 07 00 FF 04 F5 F5 F5 
F3 F9 F4 EF EF EC F0 ED E9 E1 D6 DC E5 F3 FA F3 
FC 0A 18 2A 2C 2C 2B 2A 32 2A 22 1F 15 12 0A 04 
03 02 0B 10 17 1C 1F 29 29 27 2E 25 28 22 0E 05 
F7 F0 EE E3 D4 CE C9 CC C3 BA B9 C5 E4 FA 06 0B 
0E 1B 32 3B 37 24 13 0F 0F 0B FC ED DF E3 EB F5 
F7 F9 FF 0D 1A 22 23 20 22 21 24 1D 0E 05 FB FC 
FA F2 EF ED EF F7 00 FE 02 07 0F 1C 1F 1F 20 20 
22 25 1F 17 11 0D 0E 0E 09 FF FC FF 06 0B 0A 04 
05 09 0C 13 0B 04 FF FA FE FC FA F2 E9 E2 E7 ED 
EC E7 E3 EA F5 FE FA F0 E7 E6 EE F5 F0 F2 F0 F5 
08 14 17 13 19 1E 29 33 29 1B 14 0F 13 0A FD F0 
E8 F0 01 11 0F 01 FA FE 02 11 07 F9 EC E7 ED EE 
E8 DC CC C9 DD F2 FB F1 F7 FF 13 2A 29 16 01 F9 
00 07 01 F5 EA EB F9 07 0A 0A 00 04 0B 0E 13 10 
01 FC FE FB FF FC F7 F7 F5 F6 02 01 06 0E 08 0D 
07 03 01 FD FB F9 FD 01 08 0D 0F 12 16 11 0E 09 
07 04 01 03 FE FB F7 F8 FB FE 00 FE FD FD 02 02 
06 07 02 FC FB F9 00 04 03 03 FE 03 07 0D 07 01 
FD FB FC F7 F9 FE FC 03 0A 10 11 10 0B 08 06 07 
08 FE FB FC 03 04 06 01 FD FC FF 0A 0C 04 FF FE 
03 0A 07 06 F1 EC F1 F4 FB F5 F1 ED F8 04 13 10 
0B 08 06 04 07 07 04 05 FE 01 FD FF 01 00 FF 03 
04 01 FB F7 F5 F2 F6 F9 FE 01 05 05 06 02 08 0B 
04 03 FC F8 F8 FC 02 FF FB FB F8 00 03 02 07 03 
07 0A 04 02 FF FF FD FB FB F8 F7 FB FB FB FD FB 
FB FB FB FC FE 00 08 19 15 08 0A 0A 12 18 12 0A 
FC F4 FD FD FB 01 F9 FC FF 08 13 0F 09 06 FF 02 
09 07 FF F5 F1 F2 FE 00 FD F4 E9 F0 F9 FD FA F5 
F0 F4 FF 07 02 FF FA FC 03 03 03 FD F6 FA 05 0B 
0D 04 FA FB FE 01 02 F8 F4 FB 00 09 0A 01 FF FE 
FA FD FD F8 F8 F5 F8 F9 FA FE 01 FF 00 FD F9 FA 
F5 F1 EF EA E5 E2 E5 EB F9 03 08 10 15 15 17 10 
09 00 F3 EE E8 E5 E9 E8 EF F9 FF 06 04 01 03 04 
08 09 00 FC F4 EF F1 ED EC F0 F4 FA FF FC FF 06 
0F 17 14 0C 06 02 01 01 FD F6 F5 F5 F9 00 04 09 
0B 09 0E 11 0B 06 01 FC FD 03 02 FF 02 05 07 09 
0A 08 05 03 FF F7 F1 EF EF EF EF F2 F3 FC 07 09 
09 08 07 03 FF FC F7 EF EC EC ED F5 F9 F9 FC FE 
07 0E 0A 08 05 05 07 05 FF F8 F5 F6 FA FE FE 08 
0D 0C 0D 08 08 06 04 01 FC 00 04 03 02 00 02 07 
0B 08 FD F5 F4 F7 F6 F1 E3 D8 CF CA D3 E2 EE F5 
F5 FF 0B 13 17 0C F9 EF EA EB EF EE EC F0 F9 06 
11 11 0E 0A 06 09 09 01 F9 EE EB EB ED F8 FC FF 
05 09 14 1E 1D 18 09 00 00 FC FD FB F7 FB 00 07 
0F 0F 0E 0D 0A 09 08 04 FF FB FB FA FC FC FD FF 
FF 02 05 08 0D 09 02 FF F9 FB FB FA FC F6 FA 00 
04 0C 0C 0A 09 09 0D 0B 06 02 00 00 01 FF FB F7 
F8 FE 05 07 05 00 FD 01 05 07 02 FA F5 F8 FB FF 
FF F6 F8 FE 02 08 02 FF FF FF 05 06 01 FF FD FF 
04 05 04 02 01 02 04 03 02 FE FC FD FF 03 FE F9 
F7 F5 FA 02 06 08 08 07 04 16 2C 22 14 0C 09 1A 
24 1B 0E FA F7 01 FD 03 01 F1 F4 F9 FD 0A 09 07 
07 02 04 06 04 00 F7 F0 F1 F3 F8 FC F9 F6 FA FD 
05 0D 0F 0E 05 03 03 FD FF FF F6 F7 F8 F9 FE FC 
FD FF FF 06 06 00 FF F9 F5 F6 F7 F9 FE 01 02 02 
03 05 07 03 FE F8 F3 F5 F7 F6 F5 F4 FD 02 06 08 
FF FB FB FC 00 01 00 FC F6 F5 F5 F8 FD FC FD 00 
04 10 14 13 13 0A 07 08 05 01 F8 EF EE F5 00 08 
08 04 07 09 0F 11 07 FD F9 F9 FD FB F6 F3 ED EF 
F3 F6 FD FC F9 F9 F6 FB FC F2 EB E5 E7 F2 FA 00 
00 FF 02 04 09 0D 0C 07 00 FC FC FF 04 02 FD FC 
00 07 09 09 01 F6 F6 F7 FB FF F5 F2 F0 F4 FE FD 
F3 EA E6 EA F7 FC F8 EE E7 EA F1 FD 01 FB F9 03 
0E 11 11 0D 0D 12 14 15 13 0D 0B 0E 11 1A 1B 11 
0A 07 03 02 FD F9 F8 F6 F6 F5 F5 F7 F7 EE E5 DC 
D3 CD CB D7 E6 EC F7 FF 06 15 1C 1A 11 05 FF FE 
FB FB F6 F1 F3 F8 03 09 0D 0F 0C 0B 0F 0D 0B 06 
01 FD FA FC FD FE FF 01 03 03 05 04 01 00 FE FC 
FC F8 F8 FB FE 04 04 01 00 03 0A 09 06 03 FE FF 
05 06 07 04 00 02 04 07 07 03 00 02 07 0A 08 03 
FC FB FE 01 02 FB F6 F5 F6 FC FE F9 F6 F7 FC 03 
06 03 00 FF 01 06 08 03 02 00 01 06 07 07 07 05 
07 06 03 05 00 FC FE 00 00 FF FE 00 03 01 FF FD 
FB FB FE FD FD FD FC 0B 1F 1F 1C 18 13 1F 21 19 
0E FB F7 FB FD 01 FC F6 F9 FD 05 09 08 06 02 FD 
00 01 FE FF FA F8 FB FB FB FA F6 F7 F4 F3 FB FE 
FE FE F8 FB 01 03 06 01 FA FC FB FD 00 FE FC F9 
FA FC FE 02 02 03 05 04 04 04 01 01 FE FD FF FE 
FD FD FD FF 00 01 02 FC FA FB FE 01 01 00 FD FB 
FD 00 02 FF FB F9 F9 FF 03 FF FC F9 FA FF FF 00 
FE FA FE 04 08 0A 07 03 02 05 09 08 03 FF FE 00 
03 06 00 FB FD FD 00 04 05 05 02 00 FF FC FA F7 
F4 F2 F4 F7 F7 F6 F6 F7 FB FD FE FE FA FA FC FC 
FF 00 FD FE FF 02 08 0A 09 08 08 0A 0C 0C 09 03 
FE FC FF 01 01 FF FF 01 05 08 04 FF FB F9 FB FF 
FB F5 EC E5 E6 E9 EA E3 DA D4 D8 E8 F6 FC FE FB 
FD 05 0E 13 0C 01 FB FA FF 05 02 FC F8 F8 FD 05 
09 07 03 02 05 0A 0B 07 01 FB FA FB FD FE FD FC 
FE 02 05 07 07 02 01 04 04 06 02 FA F7 F7 FC 00 
FF FE FD FF 04 09 09 07 03 FC FC 01 04 06 04 01 
00 03 06 07 05 01 FE FC 00 03 02 00 FF FF FF 02 
02 02 01 01 02 04 04 04 03 03 03 03 00 FE FF FF 
00 02 01 02 04 07 0C 0C 09 06 04 04 07 06 02 FF 
FC FB FE 00 01 FF FD FF 02 05 08 06 03 03 04 06 
04 00 FD FA FB FF FD FE FE FE 00 01 00 02 06 11 
21 24 1F 1A 16 1A 1E 18 0F FE F5 F7 FB FE FA F0 
EF F5 FD 05 03 FD FA FA 01 07 04 FE F9 F9 FD FF 
FE F9 F4 F4 F8 FB F8 F5 F0 EE F1 F2 F2 F3 F4 F7 
FB FF 04 07 09 09 07 06 04 02 FE FA F8 F9 F9 FA 
FB FB FE 00 01 02 01 00 FE FC FA F7 F4 F3 F2 F1 
F1 ED EB EC EC EF F1 F2 F4 F6 FC 05 09 0C 10 11 
13 16 14 0F 0B 09 07 05 06 05 02 01 01 01 02 02 
00 FC FA F8 F6 F5 F4 F4 F3 F2 EF EB E7 E6 E5 E3 
E2 E3 EA F6 FF 09 0C 0C 11 16 1B 1D 18 12 0D 0C 
0F 0E 0C 07 00 00 03 06 08 03 FD FA F9 FC FE FB 
F9 F9 FA 00 05 06 04 FE FA FA FB FA F6 EF EB E9 
E8 E9 E7 E6 EB F2 FA FE 00 04 08 0F 14 17 18 16 
13 11 0E 0D 0A 05 03 00 FC FD FE FE FD FB FB FD 
FE 00 FF FD FC FB FB FB F9 F5 F1 F1 F3 F8 F9 F7 
F5 F6 FC 04 09 09 08 08 0D 12 17 17 15 15 0A 03 
10 0A 09 0F 01 05 09 00 02 FF FA FF FA F8 F7 F2 
F8 FC 03 FF F4 F3 ED F3 F8 F4 F6 F1 F4 F7 FB 00 
01 03 04 06 07 0D 0C 0F 0E 0D 0F 0F 11 12 11 14 
0E 0A 08 FF 03 FD F9 F8 F4 F8 F5 F5 F7 F1 F5 F2 
F1 F6 F0 F4 F2 F3 F8 F8 FE FF FF 03 03 05 06 02 
01 03 04 06 05 05 06 07 0A 0D 0B 09 06 04 02 00 
FE F7 F7 F5 F7 F8 F6 F7 F5 F4 F7 F7 F8 F9 F2 F8 
F5 F8 FA F5 F9 FB 01 02 FF FF 00 04 07 05 02 FF 
04 05 0B 08 07 06 06 08 08 04 02 00 FB FD FD FC 
FC FA F9 FA F7 F8 F6 F5 F3 F2 F1 F1 F6 F8 FB FC 
FC 00 01 04 05 05 04 04 09 07 09 09 06 08 04 04 
04 03 05 02 01 00 FF 02 01 FF FC FB FC FF FF FD 
FC FA FC 00 FD FC FA F9 FB FD FD FC FC FE 02 05 
05 04 04 03 05 05 03 02 02 05 08 07 06 03 03 06 
07 05 01 FE FD FF 01 00 FE FA FA FB FB FD FC FB 
F8 F8 F8 F9 FB FB FB FE 00 02 04 05 05 06 06 06 
06 03 00 FE FE FF 01 00 FF FF 01 03 03 03 02 02 
02 03 03 02 01 00 FE FD FD FC FA F8 F9 F8 F8 F8 
F9 F9 FA FB FD FE 00 00 00 01 03 03 02 00 00 01 
03 04 02 01 FF FE 00 00 FF FE FD FD FF 01 02 02 
02 03 05 06 04 02 FF FF FF FE FC FA F8 F9 FC FF 
FE FE FF FF 03 05 04 03 00 FF 00 00 00 FD FC FB 
FC FF 01 01 00 00 02 03 05 06 04 03 01 01 03 03 
04 03 02 03 03 04 03 02 03 02 03 02 00 02 02 02 
01 FF FE FF 00 00 FE FC FA FA FC FE 00 00 FE 01 
03 05 07 05 05 05 07 09 07 05 03 03 04 02 01 FE 
FC FD FF 01 02 02 05 05 07 09 07 05 06 04 01 FF 
FD FB FA FB FB FC FB F8 F7 F7 FA FE FE FF FF FF 
04 06 07 06 03 02 01 00 FE FC FA F9 FB FB FA F9 
F9 FC 00 02 01 FF FF 01 03 04 01 FD FB FB FB FE 
FD FC FB FA FC FF FF FE FF 00 02 02 02 01 03 05 
05 03 01 00 01 02 01 FF FD FD FE FF FF FF FE FF 
FF 00 00 FF FE FE FE FF FE FE FD FD FD FE FE FD 
FC FB FD FE FE FD FA FA FB FE 00 00 FF FD FF 02 
04 04 01 00 01 03 05 04 01 FF FF 01 02 01 FF FD 
FD 00 02 02 01 FF FE 00 01 01 00 FE FD FD FE FE 
FC FA F9 FB FD FF FF FF 01 04 06 07 05 02 01 00 
FF FD FB FA FB FD FF 01 02 03 03 05 05 04 02 00 
00 00 FF FF 00 00 01 00 00 01 02 02 02 01 00 FF 
FF FF FE FE FD FE 00 03 04 04 03 03 03 04 03 01 
FF FD FE FF 00 FF FD FC FC FD FE FE FD FD FE 00 
02 02 01 00 FF 02 03 03 01 FF FE 00 02 02 00 FE 
FD FE 00 FF FE FD FC FE 00 01 01 00 FF 00 01 02 
01 00 FF FE FF FF FF FE FE FE 00 00 FF FF FF 01 
01 00 FF FD FC FC FC FB FB FC FD FE FF 00 00 00 
01 01 00 FE FE FE FF FF 00 00 00 01 01 01 01 01 
01 01 00 FF FD FC FC FD FE FF FF 00 00 02 02 01 
01 00 FF FF 00 00 FF FE FD FE FF 00 00 00 00 00 
02 02 02 00 00 00 01 02 02 00 FF 00 00 01 00 FE 
FD FD FE 00 00 00 00 01 01 03 03 03 03 02 01 01 
FF FF FE FD FF FE FE FF 00 02 03 03 03 02 02 02 
01 FF FD FD FD FE FE FE FD FC FC FF 00 01 01 00 
FF FF 01 02 01 00 FF FE FF 00 00 FF FF FF 00 01 
02 00 FF FF FE FE FE FD FE FD FD FF FE FE FE FC 
FC FD FD FE FF FF FE FE 00 01 01 01 00 00 00 FF 
FE FD FC FB FA FB FC FE FF 00 00 02 03 04 03 02 
01 FF FF FE FD FD FD FD FE 00 01 01 01 01 01 01 
01 01 00 FF FE FE FE FD FE FE FD FE FF FF 00 01 
02 03 02 01 00 FE FE FF FF 00 FD FD FE 00 02 03 
02 02 03 04 04 04 03 01 01 01 01 02 02 01 01 02 
02 03 02 00 FE FC FC FD FE FD FD FE 00 03 05 04 
03 03 02 02 00 FF FD FC FC FC FC FD FD FE 00 01 
01 00 00 00 00 01 01 FF FE FE FF 00 01 01 00 00 
00 01 03 01 00 FE FE FF 00 FF FE FC FC FE 00 01 
00 FF FF 01 03 02 00 FD FD FC FC FB FA FA FC FE 
FF 00 00 00 01 01 02 01 00 FF FE FD FD FE FF 00 
00 01 01 03 04 04 03 02 01 01 00 FF FE FF 00 FE 
FF 00 00 01 01 00 00 00 00 FF FE FE FE FE FE FE 
FE FF 00 00 01 01 00 00 FF FF FF 00 02 02 01 00 
00 02 04 03 03 01 00 00 FF 00 00 FF FE FD FD FD 
FD FD FD FE FF FF FE FE FE FF FF FE FD FC FE 00 
00 FE FD FD FE 00 00 FF FF FF FF 01 01 00 02 01 
00 01 01 01 01 00 FF FF FF FD FD FC FB FB FA F9 
FB FC FD FE FE FE FF 01 02 03 04 04 02 01 00 01 
03 02 00 FF FE FF 00 FF FF FD FC FE FE 00 01 00 
00 FF FE 00 01 02 00 FE FC FC FE FF FE FD FD FD 
FF 01 01 02 01 00 01 02 02 03 01 00 01 01 02 01 
FF FF FF FF 00 00 00 02 00 00 00 FF 00 01 01 01 
00 FF 00 FF 00 FF FE FD FE FE FE FE FE FF FF FF 
FF FF 01 01 00 00 FF 00 01 00 00 FF 00 00 01 01 
00 00 01 01 02 01 FF FF FF FF FF FE FC FC FD FE 
FF FF FE FD FE 00 01 FF FE FC FD FF 00 01 FF FD 
FD FD FF 02 00 FF FE FD FF 00 00 FE FC FC FE 01 
03 01 FF FD FE 00 02 01 00 FE FE FE FE FE FD FC 
FC FC FE 00 00 FF FE FD FE 01 01 00 00 FF FF FF 
00 FF FE FE FE 00 00 FF FD FD FE FF FF FE FD FE 
00 01 00 FF 00 00 03 04 03 01 00 FF 00 02 04 04 
00 FF FE FF 02 00 00 01 FF 01 01 01 02 02 01 FD 
FB FB FC FD 00 FE FC FF FE 02 05 05 03 FF FE 01 
01 01 FF FB FD FF FF 01 02 01 01 01 00 03 03 02 
01 FF FF FF FE 00 00 FF 00 00 00 03 02 02 02 01 
02 01 00 FF FE FE 00 FE FF FE FF 01 FF FD FD FE 
FE FF FC FD FD FD FF FE FF 00 FE FE 00 01 02 03 
01 01 00 FF FF FE FE FE FD FE FF FE 01 00 01 00 
00 01 FF 00 FF FE FE FD FD FE FD FC FE FF 00 00 
00 01 02 03 FF FD FD FE FF 00 00 00 01 00 FF FF 
00 FF 00 FF FF FF FE FE 00 03 04 03 01 01 03 04 
04 02 00 FF FF FF 01 02 01 00 FE FE 00 02 02 02 
01 00 00 FF FF FF FF FF FF FE FF 00 01 02 01 00 
FF FF 01 01 00 FF FE FD FE FE FF FE FD FC FC FD 
FD FD FD FC FB FB FC FD FD FC FC FD FF 00 01 FF 
FD FE FE FE FE FB FA F9 F9 FA FB FA FA FA FB FC 
FD FD FC FB FC FC FC FC FA FA FA FB FB FA F9 F9 
F9 F9 FB FB FB FB FB FC FD FC FD FC FB FC FC FC 
FC FB FC FC FC FC FD FD FD FE FE FD FD FD FD FD 
FD FD FD FD FD FC FC FD FD FD FE FE FD FE FE FE 
FE FE FE FE FE FE FE FD FD FD FD FE FF FE FE FE 
FF 00 00 00 00 FF 00 01 01 01 00 FF FF FF FF 00 
00 FF 00 00 01 01 01 00 00 FF 00 00 00 00 00 FF 
FF 00 00 00 FF FF FF FF FF FF 00 FF 00 FF FF FF 
FF 00 00 00 01 01 01 01 01 02 02 02 01 01 01 01 
01 01 01 00 FF FF FF 00 00 00 00 00 01 01 01 01 
01 01 01 01 00 00 00 FF FF FE FE FE FE FE FE FF 
00 00 00 01 01 02 02 02 02 01 01 01 01 01 01 01 
01 00 00 01 01 01 02 01 02 02 02 02 02 01 01 01 
01 02 02 02 02 02 02 02 02 02 02 02 02 02 02 02 
02 02 02 02 02 01 01 02 02 03 03 02 02 01 01 02 
02 02 02 01 02 02 03 04 03 02 02 02 03 03 03 02 
01 01 01 01 02 02 01 01 02 02 02 02 02 02 02 02 
01 01 01 01 01 01 01 01 02 02 01 02 01 02 02 01 
01 01 01 01 01 00 00 00 00 FF FF FF 00 00 00 00 
00 00 00 01 01 01 00 00 00 00 00 00 FF FF FF 00 
FF 00 00 01 02 02 01 01 01 01 01 01 00 FF FE FE 
FF FF FF FE FE FE FF FF FF FF FF FF 00 00 00 FF 
00 FF 00 FF FF FE FF FF FF FF FF FF FF FF FF FE 
FE 01 FD 01 FC 02 FE 01 00 00 01 FF 00 FE 01 FD 
00 FD 00 FD 00 FF 00 FF 00 00 00 01 00 00 00 00 
FF 00 FF FF FE FE FE FF FE FF FF FF FF 00 00 00 
00 00 00 00 00 00 00 00 00 00 00 00 00 00 00 00 
00 00 00 FF FF FF 00 FF FF FF FF FF 00 
