7
19
13
b
8a
cd
cf
d2
d2
d2
da
dd
89
ef
f1
f4
f6
f7
f0
f0
eb
d5
c5
c5
c9
b8
ac
9f
67
67
53
34
7
89
13
62
cd
cd
d2
d2
d2
db
da
da
e9
f0
f4
fa
fc
f8
f4
ed
e6
bd
c1
c9
c9
c6
dd
a8
8c
8c
6c
48
89
89
59
c6
c7
c7
d2
d2
db
db
db
ea
ed
f5
f8
fc
f8
fb
f7
ec
ea
c9
c3
c7
c7
cd
da
b8
93
9c
8d
8d
18
4b
bc
c7
c6
c3
cf
db
db
de
eb
f2
f8
fc
f8
fb
fc
fb
f7
f2
e9
de
c7
c7
c7
cd
da
c6
9c
9f
97
8d
24
48
ab
c1
c3
c1
cd
db
de
eb
ec
f7
f8
fb
fb
fb
fb
f8
f6
f1
eb
e9
d4
c7
d2
d2
da
d2
9c
9f
97
aa
60
60
24
6d
aa
c6
db
db
ea
eb
ed
ee
f9
fa
fa
fa
f8
f8
f5
f1
ef
ec
e3
eb
e9
d2
da
dd
a8
a4
ac
b1
d4
d4
d5
ab
bd
de
db
de
e9
eb
ed
ec
f2
f9
f9
fb
fc
fb
fa
f1
f1
ef
f2
f1
f2
de
da
dd
c3
bd
bd
bd
ea
ea
ea
db
cf
e9
ea
e9
e9
eb
f0
ee
ef
f6
f7
f8
f8
fb
fa
f5
f1
ef
f4
f6
f3
e2
da
e4
d2
c9
c6
c1
ea
ed
ed
ed
eb
e9
e9
e9
e9
ea
ef
ef
f4
f6
f9
f8
fc
fb
fa
f9
f3
f4
f4
f5
f3
e3
dd
e4
e9
c9
c9
c9
ed
ee
ee
f0
f1
f5
ef
ee
eb
ee
f6
f3
f7
f9
fb
fc
fc
f8
fb
fb
fa
f5
f4
f3
f3
e6
eb
ee
f2
e6
d9
d9
f2
f1
f0
f0
f5
f3
f5
f6
f4
f4
f7
fb
fb
fc
fc
fc
fc
f8
fc
fb
fa
f7
f5
f7
f9
f0
f0
f2
f2
f2
f2
f1
f6
f6
f4
ef
f3
f5
f5
f5
f6
f7
fb
fa
fc
fd
fd
fd
fd
fc
f8
fb
fa
f9
f7
f9
f9
f0
ed
f2
f1
f2
f1
f1
f3
f3
f3
f5
f5
f5
f5
f7
f9
f9
f8
fd
fd
fd
fd
fd
fd
fd
fc
fc
fc
fb
f9
f5
f7
f5
fb
f5
f4
f1
f2
f1
f9
f9
f3
f7
f5
f3
f5
f9
fa
fb
fc
fd
fd
fd
fd
fd
fd
fd
fc
fc
f8
fb
fa
f3
f7
f4
fb
f8
fa
f5
f4
f4
fa
f9
f9
f3
f5
f3
f3
f9
fa
f8
fc
fd
fd
fd
fd
fd
fd
fd
fd
fc
fc
f7
f9
f9
f9
f5
fa
fb
fb
f7
f4
f1
f7
f7
f7
f3
f5
f3
f7
f9
fa
f8
fc
fd
fd
fd
fd
fd
fd
fd
fd
fd
fa
f3
f7
f3
f7
f9
fa
fa
fa
fa
f5
f2
f7
f3
f3
f6
f5
f3
f9
fa
fb
fc
fc
fd
fd
fd
fd
fd
fd
fd
fd
f8
f3
f7
f7
f7
f7
fa
fa
fa
fa
fa
fb
f4
f7
f3
f5
f6
f4
f5
f7
fa
fb
f8
fc
fd
fd
fd
fd
fd
fd
fd
fc
f7
f7
f9
f9
f7
f7
f9
f9
f7
f7
f9
f9
fa
f9
f3
f4
f4
f4
ed
f4
f7
fb
f8
fc
fc
fd
fd
fd
fd
fd
fd
fc
fb
fb
fa
f9
f7
fa
fa
f7
f7
f3
f3
f3
f9
f0
f0
f0
ef
ec
e5
e9
f1
f1
f9
fa
fb
fc
fc
fc
f9
f8
fc
fd
fd
fb
fa
f9
f3
f6
f3
f7
f3
f7
f6
f3
f7
eb
ea
ea
ea
e4
e4
e5
e9
f0
f0
f4
fb
fc
fc
f8
f7
f7
f9
fb
fc
f8
fb
fa
f6
f4
f1
ef
f2
f1
f1
f4
ed
de
ea
ea
e4
e4
e4
e5
e5
e7
ed
f4
fc
fc
fc
fb
f7
f7
f9
fa
fa
f9
fa
f9
f2
ef
f0
ee
ed
ef
f0
ea
e9
c6
cd
cf
da
dd
e4
e4
e4
e5
e4
f1
fc
fc
fc
fa
f7
f9
f9
f7
f3
f3
f3
ef
ec
ea
e7
dd
da
db
db
cf
db
c6
cd
d2
da
dd
e4
e5
e5
e4
e5
e4
f0
f8
fd
f9
f7
f9
f9
f6
f4
f4
f2
e9
e4
e4
dd
da
da
da
d2
cd
c7
c7
cd
d2
da
dd
e4
e5
e5
e4
e4
e4
ed
f1
f9
f9
f7
f9
f7
f6
f4
f1
f0
e4
e4
e4
dd
da
da
da
d2
cf
b1
cd
d2
da
da
dd
e5
e5
e4
e4
e4
ea
ee
f3
f9
f7
f7
f9
f3
f4
f4
f1
ec
e4
e5
e4
dd
dd
da
da
d2
c3
8c
d2
da
da
da
dd
e5
e5
e4
e4
dd
e9
f4
f9
f9
f3
f3
f7
f5
f5
f4
f4
ec
e5
e5
e4
dd
dd
da
cf
cd
ac
8c
da
da
dd
dd
c7
bd
da
e4
e4
e4
ec
f9
fa
fa
fa
f9
f3
f5
f6
f4
f4
f0
e9
e5
e5
e5
dd
da
d2
cd
9f
7f
da
d2
c1
8d
97
97
ab
da
e4
e4
f4
fb
fb
f8
f8
fa
f9
f3
f4
f4
f4
f1
f4
dc
cd
da
dd
dd
da
cd
8d
6c
c1
8d
6d
72
97
8d
aa
c1
db
eb
ee
f1
f3
f9
fb
fb
fa
f5
f1
f1
f1
f4
ef
c5
b8
b1
c3
d2
dd
c2
89
89
60
6d
6d
48
6d
8d
ab
c1
c2
de
eb
ec
f0
f2
f5
f9
fb
f4
f1
f4
f4
ee
de
c6
c6
bd
bd
bd
b7
89
89
89
10
24
12
12
48
8d
aa
c1
d4
e1
ec
ec
ee
f0
f1
f6
f4
f4
f4
f1
e7
e7
db
cd
cd
c6
c6
c7
c2
32
8
89
1
8
89
89
89
89
89
89
89
89
89
89
89
89
89
89
89
89
2b
89
89
2b
2
2
89
89
13
6
f
27
14
14
7
4
89
89
89
89
89
2
4
6
6
8
89
89
89
89
89
89
89
49
89
89
13
89
89
89
89
89
89
48
48
6c
7
8
89
89
89
89
89
8
f
10
18
f
f
89
7
8
f
18
18
10
13
89
98
89
89
89
89
32
24
48
48
6c
8
4
89
89
89
89
8
46
27
27
18
3c
3c
3c
3c
3c
46
46
3c
3c
3c
57
89
89
27
46
62
5f
48
48
6d
73
6
f
18
18
89
89
89
bc
bc
b0
8a
59
8a
99
80
62
62
7a
80
8a
97
a1
5f
27
27
5f
80
99
ab
ab
97
7d
c1
99
8a
8a
80
a1
b0
bc
cf
c2
c7
c7
bc
c1
ab
99
99
aa
aa
99
a1
c2
d2
cd
a1
80
80
99
ab
bc
c6
8d
c7
c6
b8
bd
c9
c9
cf
cf
d2
cf
cf
cf
c3
c6
c6
bd
ab
b8
b1
bc
c2
cf
da
d2
da
c6
ab
aa
ab
c1
ac
c5
d2
d2
c1
c9
d4
d4
db
db
ea
dd
da
da
c3
c3
c1
bd
bd
bd
bd
d4
dd
dd
dd
da
cd
c3
c7
cd
c6
c1
d5
ee
e3
da
db
d9
d5
d4
de
eb
ed
e9
dd
e7
c7
bd
bd
bd
b8
b8
b8
c1
e4
e4
e4
dd
c3
c7
d2
d2
cf
ea
ee
ee
f0
ed
ea
e3
e1
eb
ec
ec
ec
eb
e7
e7
cf
c1
c9
c9
c6
d4
db
e7
e4
e4
e4
e4
db
e7
db
e7
eb
ee
ee
ee
ee
ee
ed
ed
ec
ec
ec
ec
ec
ec
eb
e9
e7
de
de
ee
ee
ed
e9
e4
e4
e4
e4
e7
da
e7
e9
ec
ee
ed
ee
ee
ed
ee
ee
ee
ee
ed
ed
ed
ed
ec
ec
ea
e4
eb
f1
f0
f0
f0
e9
e4
e7
ea
e9
ea
ea
e9
ea
ee
ed
ed
ed
ed
ed
ee
ee
ee
ee
ee
ee
ee
ed
f0
f4
f4
f5
f5
f3
f2
ef
ed
ed
f3
fa
f5
f1
ee
ec
ec
ec
ea
ed
ed
ed
ed
eb
ed
ee
ee
ee
ee
ee
ee
f0
ef
f2
f5
f9
f5
f5
f5
f5
f8
fd
fb
fa
f9
f5
f4
f4
f2
f4
f4
f1
ee
ec
f0
ec
eb
ee
ee
ee
f0
ee
f0
f0
f0
f0
f7
f3
f5
f5
f5
f7
fa
f8
f8
f8
fb
f7
f4
f4
f5
f5
f3
f5
f4
f1
f5
f7
f0
f2
f5
f0
ee
f1
f5
f5
f3
f9
f7
f5
f5
f5
f5
f7
f9
fa
fb
fb
fa
fa
f5
f5
f7
f5
f5
f5
f5
f3
f3
f6
f5
f6
f6
f5
f2
f6
f5
f5
f3
fb
f3
f5
f5
f5
f5
f7
f9
fb
fb
fb
fa
f8
f9
f9
f3
f5
f5
f5
f5
f3
f3
f4
f4
f4
f4
f6
f4
f2
f2
ef
f4
f3
f5
f5
f3
f5
f3
f7
f9
fb
fb
fa
fb
fa
f9
f7
f5
f3
f5
f5
f5
f5
f3
f1
f2
f2
f2
ed
f0
ed
ee
f0
f2
f5
f5
f3
f3
f3
f5
f3
f7
fb
fb
f8
fb
fa
fa
f3
f3
f5
f5
f5
f5
f5
f5
f1
f0
ec
ea
ea
ee
ee
ee
f0
f2
f5
f3
f4
f5
f5
f5
f6
f4
f9
f8
f8
fb
fa
f3
f5
f5
f6
f5
f1
ef
ed
eb
ea
ea
ea
eb
eb
eb
ed
ed
ee
f0
f4
f4
f1
f2
f2
f2
f1
ef
f4
fc
f8
f5
ef
f4
f6
f4
f4
f4
f0
ea
ea
e9
ea
eb
ec
ec
ec
eb
ed
ed
ec
e6
f0
ec
ed
ee
ee
eb
e9
ea
e3
f1
f4
f2
f2
f4
f6
f4
f4
f6
f2
ea
ea
e9
ec
ec
ec
ed
eb
e3
e6
ed
e6
e3
eb
ea
e9
e9
ea
ea
e9
e7
e7
de
f5
df
df
dc
ce
dc
e3
eb
ea
ea
e9
e7
ed
ed
ed
ec
eb
e1
e6
ee
e6
e1
eb
ea
ea
cf
cf
db
dd
e7
da
da
a4
93
a8
ac
b1
c1
d2
da
da
e7
e7
e9
ed
ed
e6
e6
e6
e6
e6
ee
e3
e1
d5
d5
cf
c3
bd
c1
c7
c3
c3
bd
b8
9c
ac
ac
ac
b1
c7
d2
da
da
a1
8a
de
c9
bd
b6
be
be
bf
bf
ad
bd
9f
7f
bd
ac
ac
bd
bd
97
7a
24
14
a8
a4
a4
a4
a8
bd
bc
cd
bc
27
10
bc
bd
b8
9c
60
48
53
34
73
9f
93
87
87
a4
8d
60
27
14
10
14
14
87
9f
93
7f
67
73
73
72
27
10
27
b0
ab
bd
f
5f
60
39
34
9f
93
6d
48
7d
8d
e
e
14
27
14
14
24
6d
a4
93
7f
67
67
34
e
10
27
46
62
5f
89
89
8
48
24
12
a8
7a
60
48
73
73
14
27
14
14
24
24
24
48
87
93
73
60
24
e
10
10
10
b
89
89
89
89
2
10
14
10
8a
7a
60
14
8c
7f
24
14
14
27
12
24
12
12
7b
8c
6d
89
32
10
10
10
b
6
89
89
89
89
2
6
10
10
18
18
e
10
24
48
48
24
14
14
12
12
12
24
12
48
48
1a
89
6
10
b
f
6
89
89
89
89
4
8
6
89
89
89
89
89
89
10
6
89
89
32
39
12
12
14
14
14
14
13
89
7
2
f
6
8
89
89
89
62
b0
bc
de
ed
ed
ec
ea
ea
f1
f1
f4
f6
f7
ec
eb
ed
ed
ee
f0
e3
d2
c7
c1
6
8
7
7
1
89
89
89
5f
ab
bd
c9
ed
ed
ec
eb
ea
f0
f2
f4
f5
f0
eb
ed
ee
ee
ee
ed
da
d2
c6
99
f
4
4
4
8
89
89
89
89
bd
b8
bd
e6
ed
ec
ec
ea
ec
f2
f4
f6
f2
ee
ee
ee
ee
ed
ea
db
c1
b8
8a
18
c
89
89
89
89
89
89
89
f
9c
b6
e6
ec
ed
ec
eb
ea
f2
f4
f6
f5
ee
ee
ee
ee
ed
e3
d9
c9
bd
8a
18
89
89
89
89
4
4
2
8
5f
60
be
e6
eb
eb
ec
eb
ea
ed
f6
f5
f0
ee
ee
ee
ee
ec
e1
d5
d4
c9
80
89
89
89
89
89
8
6
10
48
60
48
be
e6
e1
e3
eb
eb
ee
f0
f4
f2
ee
f0
ee
ee
ed
ec
eb
d4
d4
c9
a1
89
89
89
89
89
f
10
14
24
39
53
bf
e6
e6
e6
ed
ed
ee
ed
f2
f6
f1
ee
ee
ee
ed
ec
ec
de
db
cf
b0
9b
8
89
89
89
89
10
10
12
34
34
bf
ee
ee
ed
ed
ed
ee
ee
f2
f5
f5
f0
ee
ee
ed
ec
ec
eb
db
cf
bc
bc
46
8
2
89
89
18
8a
a8
9f
73
ad
e3
e6
e6
ec
ee
f0
f0
ef
f5
f5
f0
f0
ed
ed
ec
ec
ed
ea
d2
cf
bc
27
f
4
89
89
18
7a
7a
93
9f
bd
e1
e1
e3
e6
f0
f2
f2
f4
f3
f3
f0
ef
f0
ec
ec
eb
e9
dd
cf
c2
b0
27
10
6
89
89
e
60
60
6d
93
9f
d5
eb
eb
f0
f4
f5
f5
f3
fb
f9
f0
f2
f4
ec
eb
e7
dd
da
cf
c7
8a
18
18
8
89
89
10
14
48
48
87
7f
d5
ea
ea
ec
f4
f3
f5
f5
f3
f7
f7
f5
f4
ea
e9
e7
e7
da
cf
c7
59
3c
f
8
89
89
24
8c
73
7d
87
bd
cf
ea
e9
ed
f1
f4
f3
f5
f5
f5
f3
f9
f5
e4
e7
cf
c7
c3
c3
bc
8a
3c
f
89
89
10
48
7f
73
8d
a4
ac
c3
cf
e9
ee
f2
f5
f3
f3
f5
f5
f5
f5
f5
eb
de
c1
bd
c3
c6
c1
99
3c
89
89
89
6
48
24
14
e
8d
ac
bd
cf
ea
ee
f2
f5
f3
f5
f5
f5
f5
f5
f3
f1
de
c9
bd
c1
c6
ab
80
3c
7
89
89
89
24
14
27
e
60
bd
c1
db
ea
eb
f2
f5
f5
f3
f5
f5
f5
f5
f2
f0
ee
c9
bd
bd
bd
99
62
3c
8
89
89
89
14
14
14
14
27
bd
c7
dd
e9
e9
f1
f6
f3
f7
f7
f7
f7
f5
ef
f0
ee
c6
b8
bd
ab
99
62
46
f
89
89
89
14
27
14
27
14
97
c3
e7
e7
ea
ef
f4
f7
f9
f9
f9
fa
f8
ed
f0
ed
d4
b8
bd
b8
aa
7a
46
18
89
89
39
12
12
24
14
10
7a
c3
da
e7
e3
f4
f9
fb
fb
fb
fa
f8
fd
ed
e9
e9
db
b8
bd
b1
aa
80
3c
18
89
89
12
12
24
24
14
14
24
bd
da
de
f1
fc
f8
fb
fb
fb
fb
f8
fb
f3
e4
e4
e7
c1
d4
bc
99
8a
3c
10
89
89
12
12
12
24
24
14
14
b8
a4
f5
f4
f8
f8
f8
fa
fb
fb
f8
fa
fa
e7
e4
e4
e4
dd
c2
a1
97
3c
32
89
89
14
24
12
48
6d
87
a8
9c
93
df
f2
f5
fb
fb
fb
fa
fa
fb
f9
f5
ea
e4
e4
e4
dd
cf
c2
a1
89
89
89
89
14
12
7b
87
a4
9f
a4
ac
a8
df
f2
ef
fa
fa
fa
f8
fa
f7
f5
f1
e9
e4
e4
e4
dd
da
d2
5f
89
89
13
2
14
48
8c
93
93
93
a4
ac
ac
dc
f4
f4
f3
fa
f9
f9
f5
f4
f4
ee
ea
e7
e4
dd
da
d2
cd
27
89
89
89
2
14
48
6d
73
7f
7f
a4
ac
b1
ce
f6
f6
f5
f3
f7
f9
f5
f4
f4
ec
ea
da
db
c3
cd
da
a1
27
27
89
89
89
13
7
89
60
67
67
a8
b1
c1
dc
f4
f4
f5
f3
f5
f3
f7
f5
f2
ec
e9
e7
e7
c7
c3
c6
80
5f
46
89
89
89
89
89
13
24
67
73
bd
c7
d2
e3
f4
f4
f6
f5
f3
f5
f5
f5
f4
ec
ea
e9
db
d2
c7
ab
80
80
62
89
89
89
7
6
10
e
34
73
bc
d2
da
eb
f6
f4
f5
f5
f5
f5
f5
f3
f4
ea
ee
ec
e7
d2
cd
aa
99
99
5f
32
89
89
2
10
10
10
e
72
cd
da
da
ea
f2
f0
f1
f5
f5
f5
f5
f5
f1
ed
ed
ee
eb
cf
c6
ab
ab
ab
48
24
89
89
f
b
10
10
10
27
bc
da
e7
ea
ea
ea
ef
f5
f5
f5
f5
f4
ee
ed
ed
ed
ee
ea
c1
c1
bc
ab
48
48
48
27
6
f
b
10
27
10
27
a1
e7
e9
ea
ea
ed
f5
f5
f3
f3
f1
ec
ed
ed
ee
ee
ee
d5
ac
c6
97
6d
48
48
14
8
6
6
b
46
27
10
8a
e9
e7
e9
e9
eb
f5
f3
f3
f3
f5
f0
ed
ed
ee
ee
ee
ee
c5
8d
7d
73
6c
6c
14
