89
89
89
89
89
89
89
89
89
89
89
89
89
89
89
89
89
89
89
89
89
89
89
89
89
89
89
89
89
89
89
89
89
89
89
89
89
89
89
89
89
89
89
89
89
89
89
89
89
89
89
89
89
89
89
89
89
89
89
89
89
89
89
89
89
89
89
89
89
89
89
89
89
89
89
89
89
89
89
89
89
89
89
89
89
89
89
89
89
89
89
89
89
89
89
89
89
89
89
89
89
89
89
89
89
89
89
89
89
89
89
89
89
89
89
89
89
89
89
89
89
89
89
89
89
89
89
89
89
89
89
89
89
89
89
89
89
89
89
89
89
89
89
89
89
89
89
89
89
89
89
89
89
89
89
89
89
89
89
89
89
89
89
89
89
89
89
89
89
89
89
89
89
89
89
89
89
89
89
89
89
89
89
89
89
89
89
89
89
89
89
89
89
89
89
89
89
89
89
89
89
89
89
89
89
89
89
89
89
89
89
89
89
89
89
89
89
89
89
89
89
89
89
89
89
89
89
89
89
89
89
89
89
89
89
89
89
89
89
89
89
89
89
89
89
89
89
89
89
89
89
89
89
89
89
89
89
89
89
89
89
89
89
89
89
89
89
89
89
89
89
89
89
89
89
89
89
89
89
89
89
89
89
89
89
89
89
89
89
89
89
89
89
89
89
89
89
89
89
89
89
89
89
89
89
89
89
89
89
89
89
89
89
89
89
89
89
89
89
89
89
89
89
89
89
89
89
89
89
89
89
89
89
89
89
89
89
89
89
89
89
89
89
89
89
89
89
89
89
89
89
89
89
89
89
89
89
89
89
89
89
89
89
89
89
89
89
89
89
89
89
89
89
89
89
89
89
89
89
89
89
89
89
89
89
89
89
89
89
89
89
89
89
89
89
89
89
89
89
89
89
89
89
89
89
89
89
89
89
89
89
89
89
89
89
89
89
89
89
89
89
89
89
89
89
89
89
89
89
89
89
89
89
89
89
89
89
89
89
89
89
89
89
89
89
89
89
89
89
89
89
89
89
89
89
89
89
89
89
89
89
89
89
89
89
89
89
89
89
89
89
89
89
89
89
89
89
89
89
89
89
89
89
89
89
89
89
89
89
89
89
89
89
89
89
89
89
89
89
89
89
89
89
89
89
89
89
89
89
89
89
89
89
89
89
89
89
89
89
89
89
89
89
89
89
89
89
89
89
89
89
89
89
89
89
89
89
89
89
89
89
89
89
89
89
89
89
89
89
89
89
89
89
89
89
89
89
89
89
89
89
89
89
89
89
89
89
89
89
89
89
89
89
89
89
89
89
89
89
89
89
89
89
89
89
89
89
89
89
89
89
89
89
89
89
89
89
89
89
89
89
89
89
89
89
89
89
89
89
89
89
89
89
89
89
89
89
89
89
89
89
89
89
89
89
89
89
89
89
89
89
89
89
89
89
89
89
89
89
89
89
89
89
89
89
89
89
89
89
89
89
89
89
89
89
89
89
89
89
89
89
89
89
89
89
89
89
89
89
89
89
89
89
89
89
89
89
89
89
89
89
89
89
89
89
89
89
89
89
89
89
89
89
89
89
89
89
89
89
89
89
89
89
89
89
89
89
89
89
89
89
89
89
89
89
89
89
89
89
89
89
89
89
89
89
89
89
89
89
89
89
89
89
89
89
89
89
89
89
89
89
89
89
89
89
89
89
89
89
89
89
89
89
89
89
89
89
89
89
89
89
89
89
89
89
89
89
89
89
89
89
89
89
89
89
89
89
89
89
89
89
89
89
89
89
89
89
89
89
89
89
89
89
89
89
89
89
89
89
89
89
89
89
89
89
89
89
89
89
89
89
89
89
89
89
89
89
89
89
89
89
89
89
89
89
89
89
89
89
89
89
89
89
89
89
89
89
89
89
89
89
89
89
89
89
89
89
89
89
89
89
89
89
89
89
89
89
89
89
89
89
89
89
89
89
89
89
89
89
89
89
89
89
89
89
89
89
89
89
89
89
89
89
89
89
89
89
89
89
89
89
89
89
89
89
89
89
89
89
89
89
89
89
89
89
89
89
89
89
89
89
89
89
89
89
89
89
89
89
89
89
89
89
89
89
89
89
89
89
89
89
89
89
89
89
89
89
89
89
89
89
89
89
89
89
89
89
89
89
89
89
89
89
89
89
89
89
89
89
89
89
89
89
89
89
89
89
89
89
89
89
89
89
89
89
89
89
89
89
89
89
89
89
89
89
89
89
89
89
89
89
89
89
89
89
89
89
89
89
89
89
89
89
89
89
89
89
89
89
89
89
89
89
89
89
89
89
89
89
89
89
89
89
89
7
19
13
b
8a
cd
cf
d2
d2
d2
da
dd
89
ef
f1
f4
f6
f7
f0
f0
eb
d5
c5
c5
c9
b8
ac
9f
67
67
53
34
7
89
13
62
cd
cd
d2
d2
d2
db
da
da
e9
f0
f4
fa
fc
f8
f4
ed
e6
bd
c1
c9
c9
c6
dd
a8
8c
8c
6c
48
89
89
59
c6
c7
c7
d2
d2
db
db
db
ea
ed
f5
f8
fc
f8
fb
f7
ec
ea
c9
c3
c7
c7
cd
da
b8
93
9c
8d
8d
18
4b
bc
c7
c6
c3
cf
db
db
de
eb
f2
f8
fc
f8
fb
fc
fb
f7
f2
e9
de
c7
c7
c7
cd
da
c6
9c
9f
97
8d
24
48
ab
c1
c3
c1
cd
db
de
eb
ec
f7
f8
fb
fb
fb
fb
f8
f6
f1
eb
e9
d4
c7
d2
d2
da
d2
9c
9f
97
aa
60
60
24
6d
aa
c6
db
db
ea
eb
ed
ee
f9
fa
fa
fa
f8
f8
f5
f1
ef
ec
e3
eb
e9
d2
da
dd
a8
a4
ac
b1
d4
d4
d5
ab
bd
de
db
de
e9
eb
ed
ec
f2
f9
f9
fb
fc
fb
fa
f1
f1
ef
f2
f1
f2
de
da
dd
c3
bd
bd
bd
ea
ea
ea
db
cf
e9
ea
e9
e9
eb
f0
ee
ef
f6
f7
f8
f8
fb
fa
f5
f1
ef
f4
f6
f3
e2
da
e4
d2
c9
c6
c1
ea
ed
ed
ed
eb
e9
e9
e9
e9
ea
ef
ef
f4
f6
f9
f8
fc
fb
fa
f9
f3
f4
f4
f5
f3
e3
dd
e4
e9
c9
c9
c9
ed
ee
ee
f0
f1
f5
ef
ee
eb
ee
f6
f3
f7
f9
fb
fc
fc
f8
fb
fb
fa
f5
f4
f3
f3
e6
eb
ee
f2
e6
d9
d9
f2
f1
f0
f0
f5
f3
f5
f6
f4
f4
f7
fb
fb
fc
fc
fc
fc
f8
fc
fb
fa
f7
f5
f7
f9
f0
f0
f2
f2
f2
f2
f1
f6
f6
f4
ef
f3
f5
f5
f5
f6
f7
fb
fa
fc
fd
fd
fd
fd
fc
f8
fb
fa
f9
f7
f9
f9
f0
ed
f2
f1
f2
f1
f1
f3
f3
f3
f5
f5
f5
f5
f7
f9
f9
f8
fd
fd
fd
fd
fd
fd
fd
fc
fc
fc
fb
f9
f5
f7
f5
fb
f5
f4
f1
f2
f1
f9
f9
f3
f7
f5
f3
f5
f9
fa
fb
fc
fd
fd
fd
fd
fd
fd
fd
fc
fc
f8
fb
fa
f3
f7
f4
fb
f8
fa
f5
f4
f4
fa
f9
f9
f3
f5
f3
f3
f9
fa
f8
fc
fd
fd
fd
fd
fd
fd
fd
fd
fc
fc
f7
f9
f9
f9
f5
fa
fb
fb
f7
f4
f1
f7
f7
f7
f3
f5
f3
f7
f9
fa
f8
fc
fd
fd
fd
fd
fd
fd
fd
fd
fd
fa
f3
f7
f3
f7
f9
fa
fa
fa
fa
f5
f2
f7
f3
f3
f6
f5
f3
f9
fa
fb
fc
fc
fd
fd
fd
fd
fd
fd
fd
fd
f8
f3
f7
f7
f7
f7
fa
fa
fa
fa
fa
fb
f4
f7
f3
f5
f6
f4
f5
f7
fa
fb
f8
fc
fd
fd
fd
fd
fd
fd
fd
fc
f7
f7
f9
f9
f7
f7
f9
f9
f7
f7
f9
f9
fa
f9
f3
f4
f4
f4
ed
f4
f7
fb
f8
fc
fc
fd
fd
fd
fd
fd
fd
fc
fb
fb
fa
f9
f7
fa
fa
f7
f7
f3
f3
f3
f9
f0
f0
f0
ef
ec
e5
e9
f1
f1
f9
fa
fb
fc
fc
fc
f9
f8
fc
fd
fd
fb
fa
f9
f3
f6
f3
f7
f3
f7
f6
f3
f7
eb
ea
ea
ea
e4
e4
e5
e9
f0
f0
f4
fb
fc
fc
f8
f7
f7
f9
fb
fc
f8
fb
fa
f6
f4
f1
ef
f2
f1
f1
f4
ed
de
ea
ea
e4
e4
e4
e5
e5
e7
ed
f4
fc
fc
fc
fb
f7
f7
f9
fa
fa
f9
fa
f9
f2
ef
f0
ee
ed
ef
f0
ea
e9
c6
cd
cf
da
dd
e4
e4
e4
e5
e4
f1
fc
fc
fc
fa
f7
f9
f9
f7
f3
f3
f3
ef
ec
ea
e7
dd
da
db
db
cf
db
c6
cd
d2
da
dd
e4
e5
e5
e4
e5
e4
f0
f8
fd
f9
f7
f9
f9
f6
f4
f4
f2
e9
e4
e4
dd
da
da
da
d2
cd
c7
c7
cd
d2
da
dd
e4
e5
e5
e4
e4
e4
ed
f1
f9
f9
f7
f9
f7
f6
f4
f1
f0
e4
e4
e4
dd
da
da
da
d2
cf
b1
cd
d2
da
da
dd
e5
e5
e4
e4
e4
ea
ee
f3
f9
f7
f7
f9
f3
f4
f4
f1
ec
e4
e5
e4
dd
dd
da
da
d2
c3
8c
d2
da
da
da
dd
e5
e5
e4
e4
dd
e9
f4
f9
f9
f3
f3
f7
f5
f5
f4
f4
ec
e5
e5
e4
dd
dd
da
cf
cd
ac
8c
da
da
dd
dd
c7
bd
da
e4
e4
e4
ec
f9
fa
fa
fa
f9
f3
f5
f6
f4
f4
f0
e9
e5
e5
e5
dd
da
d2
cd
9f
7f
da
d2
c1
8d
97
97
ab
da
e4
e4
f4
fb
fb
f8
f8
fa
f9
f3
f4
f4
f4
f1
f4
dc
cd
da
dd
dd
da
cd
8d
6c
c1
8d
6d
72
97
8d
aa
c1
db
eb
ee
f1
f3
f9
fb
fb
fa
f5
f1
f1
f1
f4
ef
c5
b8
b1
c3
d2
dd
c2
89
89
60
6d
6d
48
6d
8d
ab
c1
c2
de
eb
ec
f0
f2
f5
f9
fb
f4
f1
f4
f4
ee
de
c6
c6
bd
bd
bd
b7
89
89
89
10
24
12
12
48
8d
aa
c1
d4
e1
ec
ec
ee
f0
f1
f6
f4
f4
f4
f1
e7
e7
db
cd
cd
c6
c6
c7
c2
32
8
89
1
8
89
89
89
89
89
89
89
89
89
89
89
89
89
89
89
89
2b
89
89
2b
2
2
89
89
13
6
f
27
14
14
7
4
89
89
89
89
89
2
4
6
6
8
89
89
89
89
89
89
89
49
89
89
13
89
89
89
89
89
89
48
48
6c
7
8
89
89
89
89
89
8
f
10
18
f
f
89
7
8
f
18
18
10
13
89
98
89
89
89
89
32
24
48
48
6c
8
4
89
89
89
89
8
46
27
27
18
3c
3c
3c
3c
3c
46
46
3c
3c
3c
57
89
89
27
46
62
5f
48
48
6d
73
6
f
18
18
89
89
89
bc
bc
b0
8a
59
8a
99
80
62
62
7a
80
8a
97
a1
5f
27
27
5f
80
99
ab
ab
97
7d
c1
99
8a
8a
80
a1
b0
bc
cf
c2
c7
c7
bc
c1
ab
99
99
aa
aa
99
a1
c2
d2
cd
a1
80
80
99
ab
bc
c6
8d
c7
c6
b8
bd
c9
c9
cf
cf
d2
cf
cf
cf
c3
c6
c6
bd
ab
b8
b1
bc
c2
cf
da
d2
da
c6
ab
aa
ab
c1
ac
c5
d2
d2
c1
c9
d4
d4
db
db
ea
dd
da
da
c3
c3
c1
bd
bd
bd
bd
d4
dd
dd
dd
da
cd
c3
c7
cd
c6
c1
d5
ee
e3
da
db
d9
d5
d4
de
eb
ed
e9
dd
e7
c7
bd
bd
bd
b8
b8
b8
c1
e4
e4
e4
dd
c3
c7
d2
d2
cf
ea
ee
ee
f0
ed
ea
e3
e1
eb
ec
ec
ec
eb
e7
e7
cf
c1
c9
c9
c6
d4
db
e7
e4
e4
e4
e4
db
e7
db
e7
eb
ee
ee
ee
ee
ee
ed
ed
ec
ec
ec
ec
ec
ec
eb
e9
e7
de
de
ee
ee
ed
e9
e4
e4
e4
e4
e7
da
e7
e9
ec
ee
ed
ee
ee
ed
ee
ee
ee
ee
ed
ed
ed
ed
ec
ec
ea
e4
eb
f1
f0
f0
f0
e9
e4
e7
ea
e9
ea
ea
e9
ea
ee
ed
ed
ed
ed
ed
ee
ee
ee
ee
ee
ee
ee
ed
f0
f4
f4
f5
f5
f3
f2
ef
ed
ed
f3
fa
f5
f1
ee
ec
ec
ec
ea
ed
ed
ed
ed
eb
ed
ee
ee
ee
ee
ee
ee
f0
ef
f2
f5
f9
f5
f5
f5
f5
f8
fd
fb
fa
f9
f5
f4
f4
f2
f4
f4
f1
ee
ec
f0
ec
eb
ee
ee
ee
f0
ee
f0
f0
f0
f0
f7
f3
f5
f5
f5
f7
fa
f8
f8
f8
fb
f7
f4
f4
f5
f5
f3
f5
f4
f1
f5
f7
f0
f2
f5
f0
ee
f1
f5
f5
f3
f9
f7
f5
f5
f5
f5
f7
f9
fa
fb
fb
fa
fa
f5
f5
f7
f5
f5
f5
f5
f3
f3
f6
f5
f6
f6
f5
f2
f6
f5
f5
f3
fb
f3
f5
f5
f5
f5
f7
f9
fb
fb
fb
fa
f8
f9
f9
f3
f5
f5
f5
f5
f3
f3
f4
f4
f4
f4
f6
f4
f2
f2
ef
f4
f3
f5
f5
f3
f5
f3
f7
f9
fb
fb
fa
fb
fa
f9
f7
f5
f3
f5
f5
f5
f5
f3
f1
f2
f2
f2
ed
f0
ed
ee
f0
f2
f5
f5
f3
f3
f3
f5
f3
f7
fb
fb
f8
fb
fa
fa
f3
f3
f5
f5
f5
f5
f5
f5
f1
f0
ec
ea
ea
ee
ee
ee
f0
f2
f5
f3
f4
f5
f5
f5
f6
f4
f9
f8
f8
fb
fa
f3
f5
f5
f6
f5
f1
ef
ed
eb
ea
ea
ea
eb
eb
eb
ed
ed
ee
f0
f4
f4
f1
f2
f2
f2
f1
ef
f4
fc
f8
f5
ef
f4
f6
f4
f4
f4
f0
ea
ea
e9
ea
eb
ec
ec
ec
eb
ed
ed
ec
e6
f0
ec
ed
ee
ee
eb
e9
ea
e3
f1
f4
f2
f2
f4
f6
f4
f4
f6
f2
ea
ea
e9
ec
ec
ec
ed
eb
e3
e6
ed
e6
e3
eb
ea
e9
e9
ea
ea
e9
e7
e7
de
f5
df
df
dc
ce
dc
e3
eb
ea
ea
e9
e7
ed
ed
ed
ec
eb
e1
e6
ee
e6
e1
eb
ea
ea
cf
cf
db
dd
e7
da
da
a4
93
a8
ac
b1
c1
d2
da
da
e7
e7
e9
ed
ed
e6
e6
e6
e6
e6
ee
e3
e1
d5
d5
cf
c3
bd
c1
c7
c3
c3
bd
b8
9c
ac
ac
ac
b1
c7
d2
da
da
a1
8a
de
c9
bd
b6
be
be
bf
bf
ad
bd
9f
7f
bd
ac
ac
bd
bd
97
7a
24
14
a8
a4
a4
a4
a8
bd
bc
cd
bc
27
10
bc
bd
b8
9c
60
48
53
34
73
9f
93
87
87
a4
8d
60
27
14
10
14
14
87
9f
93
7f
67
73
73
72
27
10
27
b0
ab
bd
f
5f
60
39
34
9f
93
6d
48
7d
8d
e
e
14
27
14
14
24
6d
a4
93
7f
67
67
34
e
10
27
46
62
5f
89
89
8
48
24
12
a8
7a
60
48
73
73
14
27
14
14
24
24
24
48
87
93
73
60
24
e
10
10
10
b
89
89
89
89
2
10
14
10
8a
7a
60
14
8c
7f
24
14
14
27
12
24
12
12
7b
8c
6d
89
32
10
10
10
b
6
89
89
89
89
2
6
10
10
18
18
e
10
24
48
48
24
14
14
12
12
12
24
12
48
48
1a
89
6
10
b
f
6
89
89
89
89
4
8
6
89
89
89
89
89
89
10
6
89
89
32
39
12
12
14
14
14
14
13
89
7
2
f
6
8
89
89
89
62
b0
bc
de
ed
ed
ec
ea
ea
f1
f1
f4
f6
f7
ec
eb
ed
ed
ee
f0
e3
d2
c7
c1
6
8
7
7
1
89
89
89
5f
ab
bd
c9
ed
ed
ec
eb
ea
f0
f2
f4
f5
f0
eb
ed
ee
ee
ee
ed
da
d2
c6
99
f
4
4
4
8
89
89
89
89
bd
b8
bd
e6
ed
ec
ec
ea
ec
f2
f4
f6
f2
ee
ee
ee
ee
ed
ea
db
c1
b8
8a
18
c
89
89
89
89
89
89
89
f
9c
b6
e6
ec
ed
ec
eb
ea
f2
f4
f6
f5
ee
ee
ee
ee
ed
e3
d9
c9
bd
8a
18
89
89
89
89
4
4
2
8
5f
60
be
e6
eb
eb
ec
eb
ea
ed
f6
f5
f0
ee
ee
ee
ee
ec
e1
d5
d4
c9
80
89
89
89
89
89
8
6
10
48
60
48
be
e6
e1
e3
eb
eb
ee
f0
f4
f2
ee
f0
ee
ee
ed
ec
eb
d4
d4
c9
a1
89
89
89
89
89
f
10
14
24
39
53
bf
e6
e6
e6
ed
ed
ee
ed
f2
f6
f1
ee
ee
ee
ed
ec
ec
de
db
cf
b0
9b
8
89
89
89
89
10
10
12
34
34
bf
ee
ee
ed
ed
ed
ee
ee
f2
f5
f5
f0
ee
ee
ed
ec
ec
eb
db
cf
bc
bc
46
8
2
89
89
18
8a
a8
9f
73
ad
e3
e6
e6
ec
ee
f0
f0
ef
f5
f5
f0
f0
ed
ed
ec
ec
ed
ea
d2
cf
bc
27
f
4
89
89
18
7a
7a
93
9f
bd
e1
e1
e3
e6
f0
f2
f2
f4
f3
f3
f0
ef
f0
ec
ec
eb
e9
dd
cf
c2
b0
27
10
6
89
89
e
60
60
6d
93
9f
d5
eb
eb
f0
f4
f5
f5
f3
fb
f9
f0
f2
f4
ec
eb
e7
dd
da
cf
c7
8a
18
18
8
89
89
10
14
48
48
87
7f
d5
ea
ea
ec
f4
f3
f5
f5
f3
f7
f7
f5
f4
ea
e9
e7
e7
da
cf
c7
59
3c
f
8
89
89
24
8c
73
7d
87
bd
cf
ea
e9
ed
f1
f4
f3
f5
f5
f5
f3
f9
f5
e4
e7
cf
c7
c3
c3
bc
8a
3c
f
89
89
10
48
7f
73
8d
a4
ac
c3
cf
e9
ee
f2
f5
f3
f3
f5
f5
f5
f5
f5
eb
de
c1
bd
c3
c6
c1
99
3c
89
89
89
6
48
24
14
e
8d
ac
bd
cf
ea
ee
f2
f5
f3
f5
f5
f5
f5
f5
f3
f1
de
c9
bd
c1
c6
ab
80
3c
7
89
89
89
24
14
27
e
60
bd
c1
db
ea
eb
f2
f5
f5
f3
f5
f5
f5
f5
f2
f0
ee
c9
bd
bd
bd
99
62
3c
8
89
89
89
14
14
14
14
27
bd
c7
dd
e9
e9
f1
f6
f3
f7
f7
f7
f7
f5
ef
f0
ee
c6
b8
bd
ab
99
62
46
f
89
89
89
14
27
14
27
14
97
c3
e7
e7
ea
ef
f4
f7
f9
f9
f9
fa
f8
ed
f0
ed
d4
b8
bd
b8
aa
7a
46
18
89
89
39
12
12
24
14
10
7a
c3
da
e7
e3
f4
f9
fb
fb
fb
fa
f8
fd
ed
e9
e9
db
b8
bd
b1
aa
80
3c
18
89
89
12
12
24
24
14
14
24
bd
da
de
f1
fc
f8
fb
fb
fb
fb
f8
fb
f3
e4
e4
e7
c1
d4
bc
99
8a
3c
10
89
89
12
12
12
24
24
14
14
b8
a4
f5
f4
f8
f8
f8
fa
fb
fb
f8
fa
fa
e7
e4
e4
e4
dd
c2
a1
97
3c
32
89
89
14
24
12
48
6d
87
a8
9c
93
df
f2
f5
fb
fb
fb
fa
fa
fb
f9
f5
ea
e4
e4
e4
dd
cf
c2
a1
89
89
89
89
14
12
7b
87
a4
9f
a4
ac
a8
df
f2
ef
fa
fa
fa
f8
fa
f7
f5
f1
e9
e4
e4
e4
dd
da
d2
5f
89
89
13
2
14
48
8c
93
93
93
a4
ac
ac
dc
f4
f4
f3
fa
f9
f9
f5
f4
f4
ee
ea
e7
e4
dd
da
d2
cd
27
89
89
89
2
14
48
6d
73
7f
7f
a4
ac
b1
ce
f6
f6
f5
f3
f7
f9
f5
f4
f4
ec
ea
da
db
c3
cd
da
a1
27
27
89
89
89
13
7
89
60
67
67
a8
b1
c1
dc
f4
f4
f5
f3
f5
f3
f7
f5
f2
ec
e9
e7
e7
c7
c3
c6
80
5f
46
89
89
89
89
89
13
24
67
73
bd
c7
d2
e3
f4
f4
f6
f5
f3
f5
f5
f5
f4
ec
ea
e9
db
d2
c7
ab
80
80
62
89
89
89
7
6
10
e
34
73
bc
d2
da
eb
f6
f4
f5
f5
f5
f5
f5
f3
f4
ea
ee
ec
e7
d2
cd
aa
99
99
5f
32
89
89
2
10
10
10
e
72
cd
da
da
ea
f2
f0
f1
f5
f5
f5
f5
f5
f1
ed
ed
ee
eb
cf
c6
ab
ab
ab
48
24
89
89
f
b
10
10
10
27
bc
da
e7
ea
ea
ea
ef
f5
f5
f5
f5
f4
ee
ed
ed
ed
ee
ea
c1
c1
bc
ab
48
48
48
27
6
f
b
10
27
10
27
a1
e7
e9
ea
ea
ed
f5
f5
f3
f3
f1
ec
ed
ed
ee
ee
ee
d5
ac
c6
97
6d
48
48
14
8
6
6
b
46
27
10
8a
e9
e7
e9
e9
eb
f5
f3
f3
f3
f5
f0
ed
ed
ee
ee
ee
ee
c5
8d
7d
73
6c
6c
14
89
89
89
89
89
89
89
89
89
89
89
89
89
89
89
89
89
32
2f
89
89
89
89
89
18
25
89
89
89
89
33
27
89
89
89
89
89
89
89
89
89
89
89
89
89
89
89
89
89
18
35
89
89
89
89
32
14
33
47
89
89
89
33
24
89
89
89
89
89
89
89
89
89
89
89
89
89
89
35
25
25
33
46
18
32
35
25
33
33
33
3c
89
d7
33
74
74
89
89
89
89
89
89
89
89
89
89
89
89
89
25
10
10
14
5e
48
14
14
14
27
33
33
5e
48
10
27
48
74
90
89
89
89
89
89
89
89
89
89
89
89
89
25
33
33
33
33
74
6d
48
33
33
33
74
74
74
74
24
48
6d
7a
8d
89
89
89
89
89
89
89
a2
89
89
89
25
14
48
5f
5f
5f
99
90
46
5f
33
74
90
97
8d
74
48
7a
99
99
97
89
89
89
89
89
89
35
10
18
32
25
33
27
74
74
74
8d
c5
bf
46
46
6d
90
b6
b8
7a
74
7a
ad
c5
c1
c9
89
89
89
89
89
89
28
25
10
10
10
33
27
6d
90
74
8d
be
ad
80
62
97
aa
c9
c1
99
99
a9
b4
c9
c1
c9
89
89
89
89
89
89
89
52
25
25
18
27
48
74
74
48
48
80
8d
be
c5
c1
c9
de
d4
b6
ce
fa
f4
de
db
de
89
89
89
89
89
89
89
41
10
25
18
33
48
90
90
5f
48
8d
97
ad
b6
c9
cf
d4
d9
ca
d8
fd
f4
de
e7
d9
89
89
89
89
89
89
16
25
10
33
33
74
7a
ad
bf
8d
7a
b6
be
8a
99
d4
db
de
e6
f3
fc
fd
f2
de
de
d9
89
89
89
89
89
4f
25
10
3c
48
5e
90
aa
c1
c5
aa
99
c9
c9
a1
a1
d4
e7
e1
f4
f8
fc
f9
ef
e3
e3
dc
89
89
2d
2e
13
25
3c
5f
90
90
7d
c5
d4
c9
c1
c1
c9
d4
d4
c9
c9
d4
e3
f1
fc
fd
f7
dc
ef
f5
f7
f5
89
89
18
25
10
3c
3c
5e
74
74
8a
c4
de
cf
c9
c9
d4
e7
e1
cf
cf
e1
f2
fa
fd
fd
f5
ea
ef
fc
fd
fa
35
25
10
25
33
33
33
33
33
74
7a
b6
b6
d9
de
d5
dc
f9
f1
d9
d9
f4
fc
fd
fd
fd
fd
fc
fc
fd
fd
f8
25
10
18
25
33
33
48
33
5e
74
97
b6
c1
d4
de
eb
f0
f1
f1
df
f4
f7
f8
fd
fc
f4
ef
f1
f8
fd
fd
fd
25
10
f
25
4b
5f
48
5e
93
ac
c1
c6
bc
db
e1
f1
f2
de
df
f9
fd
f8
fb
fc
f9
ca
e5
dd
f0
fc
fd
fd
89
25
10
14
33
33
48
7a
aa
b0
c7
cf
c1
d9
df
f8
f5
d4
d9
f1
f8
fd
fd
fc
f8
df
e9
dd
f0
fd
fd
f9
89
89
18
e
10
33
90
b6
c9
c9
c1
db
d4
f5
fd
fd
f7
bf
cf
de
dc
f8
fd
fd
fd
fd
f5
de
f0
fd
fd
fa
89
89
89
29
f
4b
90
aa
c1
b6
b6
cf
c4
f7
fd
fa
df
bf
c1
c9
d4
f0
f7
fd
fd
fa
ef
d4
d9
f4
fc
fd
89
89
89
89
18
33
90
aa
c9
aa
87
bd
c4
f4
fa
ee
d5
99
97
be
c9
db
ee
fa
f5
de
db
c7
cf
de
f1
fd
89
89
89
89
27
33
74
99
be
90
5e
a4
b6
dc
ed
ea
d4
8d
74
ad
b6
db
e1
dc
e1
cf
d2
ab
c1
cf
e9
f2
89
89
89
25
33
33
33
5f
90
60
24
74
8d
b6
c9
de
d9
8d
74
8d
99
d5
d5
c4
c1
c9
b6
7a
ad
c1
db
db
89
89
89
63
6a
70
27
48
74
5e
33
74
6d
a4
b6
bf
bf
74
7d
8d
99
d5
d4
c1
c1
b6
90
5e
90
b6
d4
de
89
89
89
89
89
89
18
27
48
48
33
33
46
72
85
6d
74
48
48
90
90
b6
c1
c1
ab
72
5e
39
5e
72
be
e1
89
89
89
89
89
89
89
89
5b
56
33
33
5f
74
74
74
74
33
27
74
7a
ad
b6
c9
b6
87
74
48
74
74
b6
d4
89
89
89
89
89
89
89
89
89
89
f
33
33
33
3c
3c
3c
10
10
5f
27
74
97
c9
b6
6d
74
33
74
74
b6
c7
89
89
89
89
89
89
89
89
89
89
89
25
33
33
3c
4b
56
25
10
33
33
74
9f
c1
c1
7a
74
27
5f
5e
8d
ab
89
89
89
89
89
89
89
89
89
89
89
89
14
e
32
89
89
32
25
33
33
74
9f
c9
c1
8d
74
b
25
33
5e
72
89
89
89
89
89
89
89
89
89
89
89
89
52
51
89
89
89
18
25
25
27
60
7a
b6
9f
6d
33
18
25
33
74
74
89
89
89
89
89
89
89
89
89
89
89
89
89
89
89
35
18
10
18
f
18
27
27
6d
60
27
27
f
18
27
5f
90
89
89
89
89
89
89
89
89
89
89
89
89
89
89
89
89
89
89
89
89
89
89
89
89
89
89
89
89
89
89
89
41
89
89
89
89
89
89
89
89
89
89
89
89
89
89
89
25
25
35
89
89
89
89
89
89
89
89
89
89
89
89
89
89
89
89
89
89
89
89
89
89
89
89
89
89
89
89
25
10
10
25
89
89
89
89
89
89
89
89
89
89
89
89
89
89
89
89
89
89
89
89
89
89
89
89
89
89
89
18
10
f
18
10
18
2d
89
89
89
89
89
89
89
89
89
89
89
89
89
89
89
89
89
89
89
89
89
25
89
89
29
e
14
25
25
25
25
2e
89
89
89
89
89
89
89
89
89
89
89
89
89
89
89
89
89
89
89
89
89
33
27
18
f
10
33
4b
33
33
10
13
89
89
89
89
89
89
89
89
89
89
89
89
89
89
89
89
89
89
89
89
89
33
33
33
4b
33
33
5f
33
33
3c
25
4f
89
89
89
89
89
89
89
89
89
89
89
89
89
89
89
89
89
89
18
27
33
74
90
90
90
48
48
48
33
3c
3c
25
16
89
89
28
35
89
89
89
89
89
89
89
89
89
89
89
89
89
27
48
5f
99
aa
aa
b6
7a
5e
33
33
5e
5f
10
25
41
52
25
10
89
89
89
89
89
89
89
89
89
89
89
89
5b
48
74
90
be
c9
c1
c9
aa
93
5e
33
74
90
3c
10
10
25
10
18
89
89
89
89
89
89
89
89
89
89
89
89
56
48
5e
60
90
aa
b6
c9
b0
ac
74
74
74
90
48
33
25
25
10
32
89
89
89
89
89
89
89
89
89
89
3d
f
33
33
33
24
5e
87
b6
c1
c7
c1
97
7a
8a
7d
5e
33
18
18
10
25
89
89
89
89
89
89
89
89
89
29
25
33
33
33
74
74
a4
bd
cf
db
cf
c6
b6
b6
c4
c5
90
74
33
27
33
33
25
89
89
89
89
89
89
89
89
14
33
33
5f
46
6d
8d
b6
c4
c4
d4
c1
bc
c1
b6
de
d4
aa
7a
48
48
27
27
14
25
89
89
89
89
89
89
89
e
33
33
74
72
a4
b6
dc
f4
f7
f5
d9
db
d4
d9
cf
c9
c1
ad
90
74
6d
74
48
33
25
89
89
89
89
89
89
32
3c
3c
74
85
b6
c9
ed
fa
fd
fd
df
e1
de
de
c9
c1
c5
bf
90
74
90
74
5f
33
10
35
89
89
89
89
89
89
4b
3c
74
6d
bf
de
ea
ee
fa
fd
f8
f1
eb
d5
c9
c1
aa
8d
5f
48
74
74
5f
33
10
25
89
89
89
18
89
89
56
3c
74
74
bf
d9
d4
d5
df
f7
f5
f2
f0
dc
d4
c9
99
7a
48
48
8d
8d
5f
33
14
25
89
89
89
10
89
89
89
10
33
48
74
8d
8d
99
bf
bf
d4
de
f1
f9
e7
d4
c9
b6
8d
80
be
c5
99
74
5e
33
18
32
89
18
25
25
10
10
27
48
7d
74
74
97
c1
cf
d9
df
f1
f1
e1
d4
c9
be
97
8d
ad
bf
90
6d
48
46
35
89
89
f
25
33
33
5f
74
90
8d
8d
ad
be
c9
de
f1
f9
df
d9
cf
c9
a1
8a
ad
be
80
46
46
48
14
18
89
89
89
18
27
33
33
27
7a
90
99
99
b6
c9
d4
dc
f8
fd
f4
d9
cf
c9
a1
99
b6
c5
62
46
5f
33
14
32
89
89
89
27
60
74
74
74
ad
b6
d5
d5
db
db
f0
f8
fd
f8
f7
f4
e1
d4
d4
d4
c9
c1
97
6d
33
33
14
35
89
89
89
27
7a
9f
9f
97
b6
c1
d4
d5
e1
ee
f7
fd
fd
fb
f8
fc
f2
e3
e7
db
cf
c9
aa
90
74
33
27
25
89
89
89
6d
b6
c9
c1
c9
c9
c1
c1
c4
dc
fa
fd
fd
fc
fc
fd
fd
fa
f1
e1
de
d4
de
c9
b6
90
74
33
33
32
89
89
60
9f
c1
c1
b6
b6
ab
c1
c1
e1
f5
fd
fd
f8
f9
fc
fd
fd
fc
f4
e6
d9
d4
c1
b8
97
74
33
33
14
18
89
27
6d
8d
7a
6d
87
72
b6
c9
cf
de
fa
fd
df
ca
f4
fd
fd
fd
f8
f3
ca
b6
99
7a
8d
74
5e
33
33
25
89
27
33
74
74
74
74
5e
90
b6
d2
db
ef
f5
e9
e5
ef
fd
f5
f7
fc
fc
d8
ce
99
74
74
74
48
3c
89
89
89
f
18
b
27
33
48
39
5e
7a
ab
c7
d4
de
dd
dd
f1
fc
ea
dc
f9
fd
fd
fa
a9
7a
48
24
10
89
89
89
89
18
25
25
5f
74
74
5e
90
ad
c1
cf
d9
f0
f0
f0
f8
fc
ef
ef
ef
f2
f4
f4
b4
ad
7a
48
27
89
89
89
ad
27
33
33
5e
74
74
72
b6
c1
cf
de
f4
fd
fd
fc
fd
fd
fc
f5
e3
de
de
de
c9
c5
99
6d
48
33
25
25
92
5f
74
5e
8d
b6
b6
be
d4
db
e9
f1
fc
fd
fd
fd
fd
fd
fd
f7
e3
de
e7
db
c1
c1
99
7a
74
74
33
33
41
90
74
72
ab
c7
d4
e1
de
db
f2
fd
fd
fa
f9
fd
fd
f8
fa
f5
dc
d9
d9
de
c9
c9
97
8d
90
74
24
89
27
33
25
89
89
89
25
18
89
89
89
89
89
89
32
89
89
89
89
89
89
89
89
89
89
89
89
89
89
89
89
89
24
33
25
89
89
47
33
14
32
89
89
89
89
89
18
89
89
89
89
89
89
89
89
89
89
89
89
89
89
89
89
89
74
74
33
4b
32
3c
33
33
33
25
35
32
18
46
33
25
25
35
89
89
89
89
89
89
89
89
89
89
89
89
89
89
90
74
48
27
10
48
5e
33
33
27
14
14
14
48
5e
14
10
10
25
89
89
89
89
89
89
89
89
89
89
89
89
89
8d
7a
6d
48
24
74
74
74
74
33
33
33
48
6d
74
33
33
33
33
25
89
89
89
89
89
89
89
89
89
89
89
89
97
99
99
7a
48
74
8d
97
90
74
33
5f
46
90
99
5f
5f
5f
48
14
25
89
89
89
89
89
89
89
89
89
89
89
c9
c1
c5
ad
7a
74
7a
b8
b6
90
6d
46
46
bf
c5
8d
74
74
74
27
33
25
32
18
10
35
89
89
89
89
89
89
c9
c1
c9
b4
a9
99
99
c1
c9
aa
97
62
80
ad
be
8d
74
90
6d
27
33
10
10
10
25
28
89
89
89
89
89
89
de
db
de
f4
fa
ce
b6
d4
de
c9
c1
c5
be
8d
80
48
48
74
74
48
27
18
25
25
52
89
89
89
89
89
89
89
d9
e7
de
f4
fd
d8
ca
d9
d4
cf
c9
b6
ad
97
8d
48
5f
90
90
48
33
18
25
10
41
89
89
89
89
89
89
89
d9
de
de
f2
fd
fc
f3
e6
de
db
d4
99
8a
be
b6
7a
8d
bf
ad
7a
74
33
33
10
25
16
89
89
89
89
89
89
dc
e3
e3
ef
f9
fc
f8
f4
e1
e7
d4
a1
a1
c9
c9
99
aa
c5
c1
aa
90
5e
48
3c
10
25
4f
89
89
89
89
89
f5
f7
f5
ef
dc
f7
fd
fc
f1
e3
d4
c9
c9
d4
d4
c9
c1
c1
c9
d4
c5
7d
90
90
5f
3c
25
13
2e
2d
89
89
fa
fd
fc
ef
ea
f5
fd
fd
fa
f2
e1
cf
cf
e1
e7
d4
c9
c9
cf
de
c4
8a
74
74
5e
3c
3c
10
25
18
89
89
f8
fd
fd
fc
fc
fd
fd
fd
fd
fc
f4
d9
d9
f1
f9
dc
d5
de
d9
b6
b6
7a
74
33
33
33
33
33
25
10
25
35
fd
fd
fd
f8
f1
ef
f4
fc
fd
f8
f7
f4
df
f1
f1
f0
eb
de
d4
c1
b6
97
74
5e
33
48
33
33
25
18
10
25
fd
fd
fc
f0
dd
e5
ca
f9
fc
fb
f8
fd
f9
df
de
f2
f1
e1
db
bc
c6
c1
ac
93
5e
48
5f
4b
25
f
10
25
f9
fd
fd
f0
dd
e9
df
f8
fc
fd
fd
f8
f1
d9
d4
f5
f8
df
d9
c1
cf
c7
b0
aa
7a
48
33
33
14
10
25
89
fa
fd
fd
f0
de
f5
fd
fd
fd
fd
f8
dc
de
cf
bf
f7
fd
fd
f5
d4
db
c1
c9
c9
b6
90
33
10
e
18
89
89
fd
fc
f4
d9
d4
ef
fa
fd
fd
f7
f0
d4
c9
c1
bf
df
fa
fd
f7
c4
cf
b6
b6
c1
aa
90
4b
f
29
89
89
89
fd
f1
de
cf
c7
db
de
f5
fa
ee
db
c9
be
97
99
d5
ee
fa
f4
c4
bd
87
aa
c9
aa
90
33
18
89
89
89
89
f2
e9
cf
c1
ab
d2
cf
e1
dc
e1
db
b6
ad
74
8d
d4
ea
ed
dc
b6
a4
5e
90
be
99
74
33
27
52
4f
89
89
db
db
c1
ad
7a
b6
c9
c1
c4
d5
d5
99
8d
74
8d
d9
de
c9
b6
8d
74
24
60
90
5f
33
33
33
25
32
89
89
de
d4
b6
90
5e
90
b6
c1
c1
d4
d5
99
8d
7d
74
bf
bf
b6
a4
6d
74
33
5e
74
48
27
70
6a
63
3a
89
89
e1
be
72
5e
39
5e
72
ab
c1
c1
b6
90
90
48
48
74
6d
85
72
46
33
33
48
48
27
18
89
89
89
89
89
89
d4
b6
74
74
48
74
87
b6
c9
b6
ad
7a
74
27
33
74
74
74
74
5f
33
33
89
89
89
89
89
89
89
89
89
89
c7
b6
74
74
33
74
6d
b6
c9
97
74
27
5f
10
10
3c
3c
3c
33
33
33
f
89
89
89
89
89
89
89
89
89
89
ab
8d
5e
5f
27
74
7a
c1
c1
9f
74
33
33
10
25
56
4b
3c
33
33
25
3d
89
89
89
89
89
89
89
89
89
89
72
5e
33
25
b
74
8d
c1
c9
9f
74
33
33
25
32
89
89
32
e
14
29
89
89
89
89
89
89
89
89
89
89
89
74
74
33
25
18
33
6d
9f
b6
7a
60
27
25
25
18
89
89
89
51
52
89
89
89
89
89
89
89
89
89
89
89
89
90
5f
27
18
f
27
27
60
6d
27
27
18
f
18
10
18
35
89
89
89
89
89
89
89
89
89
89
89
89
89
89
89
41
89
89
89
89
89
89
89
89
89
89
89
89
89
89
89
89
89
89
89
89
89
89
89
89
89
89
89
89
89
89
89
27
24
74
90
8d
97
c9
c9
de
d9
d9
dc
f5
fa
f8
fd
fd
f9
fa
fd
fd
f2
db
de
e1
d4
c7
ab
72
74
90
41
33
33
74
74
7a
99
c1
c1
db
e7
de
e1
f7
fd
fd
fd
fd
fd
fd
fc
f1
e9
db
d4
be
b6
b6
8d
5e
74
5f
8b
25
10
33
48
6d
99
c5
c9
de
de
de
e1
f5
fc
fd
fd
fd
fd
fd
f5
de
cf
c1
b6
7a
74
74
5e
33
33
27
ad
89
89
89
27
48
7a
ad
b4
f1
f1
ef
ef
ef
f2
fc
f8
ef
ef
ef
e1
cf
c1
ad
90
5e
74
74
5f
25
25
18
a1
89
89
89
10
24
48
7a
a9
fa
fd
fc
f3
dc
ea
fc
f4
e4
e4
de
d4
c1
ab
7a
5e
39
48
33
27
f
18
f
a1
44
3d
51
27
5e
74
74
90
d3
d8
fc
fc
f3
f4
fd
ef
dd
e7
f1
dc
cf
cd
b6
90
5e
5e
74
74
33
33
18
92
25
33
33
5e
74
74
72
97
be
c8
f9
fc
fc
fd
fd
f1
c4
df
fd
f7
de
d2
c9
ad
72
7d
74
74
8d
60
27
90
10
14
33
74
74
8d
ab
bd
d4
d5
f0
f5
fc
fd
fd
fb
f6
fa
fd
fc
f4
d9
c1
b6
aa
b6
b6
ab
b6
8d
5f
bf
54
18
33
33
74
97
c9
c9
de
de
de
e6
f5
f8
fd
fd
fc
fc
fd
fd
fa
dc
b7
c1
c1
c9
c9
c6
c9
b6
6d
bf
89
54
25
33
33
74
ad
b6
c9
cf
db
de
e6
f4
fd
fc
fb
fd
fd
fa
f2
e3
d4
cf
c1
b6
aa
aa
aa
8d
48
ad
89
89
32
27
33
33
74
97
c1
c9
db
de
d5
e6
f7
f9
f8
fd
fc
f1
de
de
de
d5
c9
b6
74
74
90
60
27
ad
89
89
32
14
33
33
5f
80
c9
b6
aa
b6
c9
d4
dc
f6
fd
fc
df
d9
cf
c1
b6
ad
ad
90
48
5e
74
48
10
92
89
89
18
14
33
27
46
62
c5
be
8a
a1
c1
cf
d9
df
f8
f5
d9
d4
c9
ad
8d
7a
90
74
46
33
33
27
f
92
89
4c
3c
24
60
74
90
90
b6
aa
b6
b6
c9
de
ee
f1
f4
e6
cf
c1
aa
90
74
7d
60
5f
27
25
33
25
f
92
42
18
5f
5e
74
90
bf
be
7a
8d
be
c9
d4
e9
f7
f1
d9
d4
c4
ad
7a
7d
7b
6d
48
27
b
25
18
10
18
92
4c
4c
25
33
5e
68
ad
ad
60
60
9f
aa
c9
db
df
ef
e2
dc
d3
ce
be
b6
be
ad
5e
33
27
32
4c
4c
18
92
89
89
25
e
33
5f
74
5e
48
48
7a
97
c1
d4
d9
ed
f1
fb
fc
f5
e1
de
d9
bf
74
74
3c
56
89
89
18
92
89
89
25
10
33
5f
74
74
5e
5f
ad
b6
c1
c9
de
e9
f0
f7
fd
fc
f4
eb
d4
be
7d
74
3c
4b
54
89
4c
82
89
89
4e
27
33
48
74
90
74
90
bf
c9
c1
c9
de
de
de
dc
fc
fd
fa
dc
c9
ac
7d
74
33
33
10
54
89
89
89
89
89
50
24
24
60
60
5e
6d
99
c1
c9
cf
d4
c9
cf
d4
f0
df
dc
c5
a4
8d
60
5f
33
33
e
4b
89
89
89
89
89
89
50
10
27
27
27
48
6d
99
d5
d4
b6
c1
bc
c7
db
cf
c2
aa
74
5f
27
33
33
33
25
61
89
89
89
89
89
89
89
4d
25
27
25
3c
74
74
ad
b7
ad
b6
c1
cd
cf
c1
ac
8c
74
33
33
33
27
25
42
89
89
89
89
89
89
89
89
89
25
10
18
18
33
39
5e
80
74
97
c1
bc
c1
b6
8d
5e
24
33
33
33
2f
42
89
89
89
89
89
89
89
89
89
89
18
10
25
25
27
27
90
74
33
74
a8
ab
c9
b6
b6
90
6d
5e
48
56
89
89
89
89
89
89
89
89
89
89
89
89
18
10
25
25
b
3c
90
74
33
33
74
97
c9
c1
c9
b6
90
74
48
66
89
89
89
89
89
89
89
89
89
89
89
89
18
18
50
50
18
10
5f
5f
33
33
5e
6d
b6
aa
aa
99
5f
48
27
89
89
89
89
89
89
89
89
89
89
89
89
89
3d
2f
89
89
2f
25
3c
3c
33
48
48
48
74
74
90
74
33
27
29
89
89
89
89
89
89
89
89
89
89
89
89
89
89
89
89
89
89
50
25
27
33
33
5f
33
33
4b
33
33
33
70
89
89
89
89
89
89
89
89
89
89
89
89
89
89
89
89
89
89
89
89
13
10
33
33
4b
33
b
f
2e
25
33
6a
89
89
89
89
89
89
89
89
89
89
89
89
89
89
89
89
89
89
89
89
2e
10
25
25
25
14
e
2d
89
89
25
5a
89
89
89
89
89
89
89
89
89
89
89
89
89
89
89
89
89
89
89
89
3a
18
10
18
f
10
32
89
89
89
35
89
89
89
89
89
89
89
89
89
89
89
89
89
89
89
89
89
89
89
89
89
89
89
25
10
10
25
89
89
89
89
89
89
89
89
89
89
89
89
89
89
